Using pre-set license
Built from '2021.2/staging' branch; Version is '2021.2.7f1 (6bd9e232123f) revision 7068130'; Using compiler version '192829333'; Build Type 'Release'
OS: 'Windows 10  (10.0.19043) 64bit Core' Language: 'fr' Physical Memory: 16158 MB
BatchMode: 1, IsHumanControllingUs: 0, StartBugReporterOnCrash: 0, Is64bit: 1, IsPro: 0

COMMAND LINE ARGUMENTS:
D:\Programme\Unity\2021.2.7f1\Editor\Unity.exe
-adb2
-batchMode
-noUpm
-name
AssetImportWorker11
-projectPath
D:/Projet/TimeOver/TimeOver.Unity
-logFile
Logs/AssetImportWorker11.log
-srvPort
63544
Successfully changed project path to: D:/Projet/TimeOver/TimeOver.Unity
D:/Projet/TimeOver/TimeOver.Unity
[UnityMemory] Configuration Parameters - Can be set up in boot.config
    "memorysetup-bucket-allocator-granularity=16"
    "memorysetup-bucket-allocator-bucket-count=8"
    "memorysetup-bucket-allocator-block-size=33554432"
    "memorysetup-bucket-allocator-block-count=8"
    "memorysetup-main-allocator-block-size=16777216"
    "memorysetup-thread-allocator-block-size=16777216"
    "memorysetup-gfx-main-allocator-block-size=16777216"
    "memorysetup-gfx-thread-allocator-block-size=16777216"
    "memorysetup-cache-allocator-block-size=4194304"
    "memorysetup-typetree-allocator-block-size=2097152"
    "memorysetup-profiler-bucket-allocator-granularity=16"
    "memorysetup-profiler-bucket-allocator-bucket-count=8"
    "memorysetup-profiler-bucket-allocator-block-size=33554432"
    "memorysetup-profiler-bucket-allocator-block-count=8"
    "memorysetup-profiler-allocator-block-size=16777216"
    "memorysetup-profiler-editor-allocator-block-size=1048576"
    "memorysetup-temp-allocator-size-main=16777216"
    "memorysetup-job-temp-allocator-block-size=2097152"
    "memorysetup-job-temp-allocator-block-size-background=1048576"
    "memorysetup-job-temp-allocator-reduction-small-platforms=262144"
    "memorysetup-temp-allocator-size-background-worker=32768"
    "memorysetup-temp-allocator-size-job-worker=262144"
    "memorysetup-temp-allocator-size-preload-manager=33554432"
    "memorysetup-temp-allocator-size-nav-mesh-worker=65536"
    "memorysetup-temp-allocator-size-audio-worker=65536"
    "memorysetup-temp-allocator-size-cloud-worker=32768"
    "memorysetup-temp-allocator-size-gi-baking-worker=262144"
    "memorysetup-temp-allocator-size-gfx=262144"
Refreshing native plugins compatible for Editor in 47.12 ms, found 3 plugins.
Preloading 0 native plugins for Editor in 0.00 ms.
Initialize engine version: 2021.2.7f1 (6bd9e232123f)
[Subsystems] Discovering subsystems at path D:/Programme/Unity/2021.2.7f1/Editor/Data/Resources/UnitySubsystems
[Subsystems] Discovering subsystems at path D:/Projet/TimeOver/TimeOver.Unity/Assets
GfxDevice: creating device client; threaded=0; jobified=0
Direct3D:
    Version:  Direct3D 11.0 [level 11.1]
    Renderer: NVIDIA GeForce RTX 3060 Laptop GPU (ID=0x2520)
    Vendor:   NVIDIA
    VRAM:     6023 MB
    Driver:   30.0.15.1165
Initialize mono
Mono path[0] = 'D:/Programme/Unity/2021.2.7f1/Editor/Data/Managed'
Mono path[1] = 'D:/Programme/Unity/2021.2.7f1/Editor/Data/MonoBleedingEdge/lib/mono/unityjit-win32'
Mono config path = 'D:/Programme/Unity/2021.2.7f1/Editor/Data/MonoBleedingEdge/etc'
Using monoOptions --debugger-agent=transport=dt_socket,embedding=1,server=y,suspend=n,address=127.0.0.1:56420
Begin MonoManager ReloadAssembly
Registering precompiled unity dll's ...
Register platform support module: D:/Programme/Unity/2021.2.7f1/Editor/Data/PlaybackEngines/WindowsStandaloneSupport/UnityEditor.WindowsStandalone.Extensions.dll
Registered in 0.002532 seconds.
Native extension for WindowsStandalone target not found
Refreshing native plugins compatible for Editor in 40.94 ms, found 3 plugins.
Preloading 0 native plugins for Editor in 0.00 ms.
Mono: successfully reloaded assembly
- Completed reload, in  0.539 seconds
Domain Reload Profiling:
	ReloadAssembly (539ms)
		BeginReloadAssembly (73ms)
			ExecutionOrderSort (0ms)
			DisableScriptedObjects (0ms)
			BackupInstance (0ms)
			ReleaseScriptingObjects (0ms)
			CreateAndSetChildDomain (1ms)
		EndReloadAssembly (396ms)
			LoadAssemblies (73ms)
			RebuildTransferFunctionScriptingTraits (0ms)
			SetupTypeCache (95ms)
			ReleaseScriptCaches (0ms)
			RebuildScriptCaches (26ms)
			SetupLoadedEditorAssemblies (231ms)
				LogAssemblyErrors (0ms)
				InitializePlatformSupportModulesInManaged (13ms)
				SetLoadedEditorAssemblies (0ms)
				RefreshPlugins (41ms)
				BeforeProcessingInitializeOnLoad (1ms)
				ProcessInitializeOnLoadAttributes (135ms)
				ProcessInitializeOnLoadMethodAttributes (40ms)
				AfterProcessingInitializeOnLoad (0ms)
				EditorAssembliesLoaded (0ms)
			ExecutionOrderSort2 (0ms)
			AwakeInstancesAfterBackupRestoration (0ms)
Platform modules already initialized, skipping
Registering precompiled user dll's ...
Registered in 0.004247 seconds.
Begin MonoManager ReloadAssembly
Native extension for WindowsStandalone target not found
Refreshing native plugins compatible for Editor in 38.51 ms, found 3 plugins.
Preloading 0 native plugins for Editor in 0.00 ms.
Mono: successfully reloaded assembly
- Completed reload, in  1.131 seconds
Domain Reload Profiling:
	ReloadAssembly (1132ms)
		BeginReloadAssembly (105ms)
			ExecutionOrderSort (0ms)
			DisableScriptedObjects (6ms)
			BackupInstance (0ms)
			ReleaseScriptingObjects (0ms)
			CreateAndSetChildDomain (17ms)
		EndReloadAssembly (946ms)
			LoadAssemblies (75ms)
			RebuildTransferFunctionScriptingTraits (0ms)
			SetupTypeCache (198ms)
			ReleaseScriptCaches (0ms)
			RebuildScriptCaches (48ms)
			SetupLoadedEditorAssemblies (587ms)
				LogAssemblyErrors (0ms)
				InitializePlatformSupportModulesInManaged (12ms)
				SetLoadedEditorAssemblies (0ms)
				RefreshPlugins (39ms)
				BeforeProcessingInitializeOnLoad (57ms)
				ProcessInitializeOnLoadAttributes (443ms)
				ProcessInitializeOnLoadMethodAttributes (35ms)
				AfterProcessingInitializeOnLoad (3ms)
				EditorAssembliesLoaded (0ms)
			ExecutionOrderSort2 (0ms)
			AwakeInstancesAfterBackupRestoration (5ms)
Platform modules already initialized, skipping
========================================================================
Worker process is ready to serve import requests
Launched and connected shader compiler UnityShaderCompiler.exe after 0.04 seconds
Refreshing native plugins compatible for Editor in 0.55 ms, found 3 plugins.
Preloading 0 native plugins for Editor in 0.00 ms.
Unloading 2307 Unused Serialized files (Serialized files now loaded: 0)
Unloading 33 unused Assets / (55.7 KB). Loaded Objects now: 2767.
Memory consumption went from 104.8 MB to 104.7 MB.
Total: 3.080800 ms (FindLiveObjects: 0.192100 ms CreateObjectMapping: 0.138900 ms MarkObjects: 2.679000 ms  DeleteObjects: 0.070000 ms)

AssetImportParameters requested are different than current active one (requested -> active):
  custom:video-decoder-ogg-theora: a1e56fd34408186e4bbccfd4996cb3dc -> 
  custom:container-muxer-webm: aa71ff27fc2769a1b78a27578f13a17b -> 
  custom:container-demuxer-webm: 4f35f7cbe854078d1ac9338744f61a02 -> 
  custom:video-encoder-webm-vp8: eb34c28f22e8b96e1ab97ce403110664 -> 
  custom:video-codec-MediaFoundation-h265: 746d11721c4dcdbdad8f713fa42b33f4 -> 
  custom:audio-encoder-webm-vorbis: bf7c407c2cedff20999df2af8eb42d56 -> 
  custom:framework-win-MediaFoundation: 216162199b28c13a410421893ffa2e32 -> 
  custom:container-demuxer-ogg: 62fdf1f143b41e24485cea50d1cbac27 -> 
  custom:video-decoder-webm-vp8: 9c59270c3fd7afecdb556c50c9e8de78 -> 
  custom:audio-decoder-ogg-vorbis: bf7c407c2cedff20999df2af8eb42d56 -> 
========================================================================
Received Import Request.
  Time since last request: 186398.535163 seconds.
  path: Assets/Sprites/Tilesets/Dark/Tiles/1. background layer_53.asset
  artifactKey: Guid(79e5304917f3cae4c841b06552d37e45) Importer(815301076,1909f56bfc062723c751e8b465ee728b)
Start importing Assets/Sprites/Tilesets/Dark/Tiles/1. background layer_53.asset using Guid(79e5304917f3cae4c841b06552d37e45) Importer(815301076,1909f56bfc062723c751e8b465ee728b)  -> (artifact id: 'f44d53be468a2a9d87b9dd0febb746f1') in 0.063174 seconds 
========================================================================
Received Import Request.
  Time since last request: 0.000022 seconds.
  path: Assets/Sprites/Tilesets/Dark/Tiles/1. background layer_64.asset
  artifactKey: Guid(ed923d8ace2cfe6418875cade9996381) Importer(815301076,1909f56bfc062723c751e8b465ee728b)
Start importing Assets/Sprites/Tilesets/Dark/Tiles/1. background layer_64.asset using Guid(ed923d8ace2cfe6418875cade9996381) Importer(815301076,1909f56bfc062723c751e8b465ee728b)  -> (artifact id: '526bed31acf0146643b61796f307efef') in 0.011047 seconds 
========================================================================
Received Import Request.
  Time since last request: 0.000043 seconds.
  path: Assets/Sprites/Tilesets/Dark/Tiles/1. background layer_65.asset
  artifactKey: Guid(d21e1a84488654d4a904b2905db52537) Importer(815301076,1909f56bfc062723c751e8b465ee728b)
Start importing Assets/Sprites/Tilesets/Dark/Tiles/1. background layer_65.asset using Guid(d21e1a84488654d4a904b2905db52537) Importer(815301076,1909f56bfc062723c751e8b465ee728b)  -> (artifact id: '91135a6cac9f9ce4b60e590a0218e2ee') in 0.010003 seconds 
========================================================================
Received Import Request.
  Time since last request: 0.269471 seconds.
  path: Assets/Sprites/Tilesets/Dark/Tiles/1. background layer_69.asset
  artifactKey: Guid(01f5462a1052280428ba15135cf8c378) Importer(815301076,1909f56bfc062723c751e8b465ee728b)
Start importing Assets/Sprites/Tilesets/Dark/Tiles/1. background layer_69.asset using Guid(01f5462a1052280428ba15135cf8c378) Importer(815301076,1909f56bfc062723c751e8b465ee728b)  -> (artifact id: '9cdec88c05401620ee0b32ebdd581efb') in 0.011650 seconds 
========================================================================
Received Import Request.
  Time since last request: 0.013636 seconds.
  path: Assets/Sprites/Tilesets/Dark/Tiles/1. background layer_73.asset
  artifactKey: Guid(afad05f723a9a6c47a7f93945323e1c1) Importer(815301076,1909f56bfc062723c751e8b465ee728b)
Start importing Assets/Sprites/Tilesets/Dark/Tiles/1. background layer_73.asset using Guid(afad05f723a9a6c47a7f93945323e1c1) Importer(815301076,1909f56bfc062723c751e8b465ee728b)  -> (artifact id: 'bee50d696cc6f246253b012b76dca2d7') in 0.006702 seconds 
========================================================================
Received Import Request.
  Time since last request: 0.016106 seconds.
  path: Assets/Sprites/Tilesets/Dark/Tiles/1. background layer_77.asset
  artifactKey: Guid(49feffafda598c14f95d2afa3b5c6c35) Importer(815301076,1909f56bfc062723c751e8b465ee728b)
Start importing Assets/Sprites/Tilesets/Dark/Tiles/1. background layer_77.asset using Guid(49feffafda598c14f95d2afa3b5c6c35) Importer(815301076,1909f56bfc062723c751e8b465ee728b)  -> (artifact id: 'bd77e23359cee2325225839d6b2347e3') in 0.011584 seconds 
========================================================================
Received Import Request.
  Time since last request: 0.000018 seconds.
  path: Assets/Sprites/Tilesets/Dark/Tiles/1. background layer_83.asset
  artifactKey: Guid(f2576c8dfef57194189ef9a750393e60) Importer(815301076,1909f56bfc062723c751e8b465ee728b)
Start importing Assets/Sprites/Tilesets/Dark/Tiles/1. background layer_83.asset using Guid(f2576c8dfef57194189ef9a750393e60) Importer(815301076,1909f56bfc062723c751e8b465ee728b)  -> (artifact id: '2144c06a274dc0c8fec0ee9b0d867bbc') in 0.008735 seconds 
========================================================================
Received Import Request.
  Time since last request: 0.019955 seconds.
  path: Assets/Sprites/Tilesets/Dark/Tiles/1. background layer_85.asset
  artifactKey: Guid(de7e0ff0de103354aae8d0b697eef9a5) Importer(815301076,1909f56bfc062723c751e8b465ee728b)
Start importing Assets/Sprites/Tilesets/Dark/Tiles/1. background layer_85.asset using Guid(de7e0ff0de103354aae8d0b697eef9a5) Importer(815301076,1909f56bfc062723c751e8b465ee728b)  -> (artifact id: 'd03cdeca6dbb5e61ba518f7dde1f3c07') in 0.007584 seconds 
========================================================================
Received Import Request.
  Time since last request: 0.281413 seconds.
  path: Assets/Sprites/Tilesets/Dark/Tiles/1. background layer_89.asset
  artifactKey: Guid(462b42c7237e2a7468e5d01c9b5d4f6d) Importer(815301076,1909f56bfc062723c751e8b465ee728b)
Start importing Assets/Sprites/Tilesets/Dark/Tiles/1. background layer_89.asset using Guid(462b42c7237e2a7468e5d01c9b5d4f6d) Importer(815301076,1909f56bfc062723c751e8b465ee728b)  -> (artifact id: '9fb35e456b1b8174805f8a9948669ee5') in 0.026107 seconds 
========================================================================
Received Import Request.
  Time since last request: 0.017965 seconds.
  path: Assets/Sprites/Tilesets/Dark/Tiles/1. background layer_93.asset
  artifactKey: Guid(4c72419655918ce4786ae7b79ffd0400) Importer(815301076,1909f56bfc062723c751e8b465ee728b)
Start importing Assets/Sprites/Tilesets/Dark/Tiles/1. background layer_93.asset using Guid(4c72419655918ce4786ae7b79ffd0400) Importer(815301076,1909f56bfc062723c751e8b465ee728b)  -> (artifact id: '869a1da0b9eb7311fc6d91c06ca3b12f') in 0.010634 seconds 
========================================================================
Received Import Request.
  Time since last request: 0.000014 seconds.
  path: Assets/Sprites/Tilesets/Dark/Tiles/1. background layer_102.asset
  artifactKey: Guid(386acfc6e6314da4283fd2151a8af71a) Importer(815301076,1909f56bfc062723c751e8b465ee728b)
Start importing Assets/Sprites/Tilesets/Dark/Tiles/1. background layer_102.asset using Guid(386acfc6e6314da4283fd2151a8af71a) Importer(815301076,1909f56bfc062723c751e8b465ee728b)  -> (artifact id: '1baecf7a6eaf0ec9714b18de7fe62173') in 0.008484 seconds 
========================================================================
Received Import Request.
  Time since last request: 0.000018 seconds.
  path: Assets/Sprites/Tilesets/Dark/Tiles/1. background layer_104.asset
  artifactKey: Guid(3d80080e1a8f5f340b6578e8441e8483) Importer(815301076,1909f56bfc062723c751e8b465ee728b)
Start importing Assets/Sprites/Tilesets/Dark/Tiles/1. background layer_104.asset using Guid(3d80080e1a8f5f340b6578e8441e8483) Importer(815301076,1909f56bfc062723c751e8b465ee728b)  -> (artifact id: 'beb4f2494641320162722ee6c3998fe6') in 0.012230 seconds 
========================================================================
Received Import Request.
  Time since last request: 0.008786 seconds.
  path: Assets/Sprites/Tilesets/Dark/Tiles/1. background layer_105.asset
  artifactKey: Guid(59583b7d7cf6de242954469f5e51d46d) Importer(815301076,1909f56bfc062723c751e8b465ee728b)
Start importing Assets/Sprites/Tilesets/Dark/Tiles/1. background layer_105.asset using Guid(59583b7d7cf6de242954469f5e51d46d) Importer(815301076,1909f56bfc062723c751e8b465ee728b)  -> (artifact id: 'ca37e07d72019cd2bc9e0127fd2823e0') in 0.010660 seconds 
========================================================================
Received Import Request.
  Time since last request: 0.260039 seconds.
  path: Assets/Sprites/Tilesets/Dark/Tiles/1. background layer_109.asset
  artifactKey: Guid(883692c6eb5115448be9d396a1460a2a) Importer(815301076,1909f56bfc062723c751e8b465ee728b)
Start importing Assets/Sprites/Tilesets/Dark/Tiles/1. background layer_109.asset using Guid(883692c6eb5115448be9d396a1460a2a) Importer(815301076,1909f56bfc062723c751e8b465ee728b)  -> (artifact id: '439a37875316edd35a1d62e5bdccbd19') in 0.013344 seconds 
========================================================================
Received Import Request.
  Time since last request: 0.030708 seconds.
  path: Assets/Sprites/Tilesets/Dark/Tiles/1. background layer_113.asset
  artifactKey: Guid(d057d7bc10a263f4894ed0f06ec96e88) Importer(815301076,1909f56bfc062723c751e8b465ee728b)
Start importing Assets/Sprites/Tilesets/Dark/Tiles/1. background layer_113.asset using Guid(d057d7bc10a263f4894ed0f06ec96e88) Importer(815301076,1909f56bfc062723c751e8b465ee728b)  -> (artifact id: '70fe1546c02e714618d1e739d6c25f60') in 0.007502 seconds 
========================================================================
Received Import Request.
  Time since last request: 0.000016 seconds.
  path: Assets/Sprites/Tilesets/Dark/Tiles/1. background layer_118.asset
  artifactKey: Guid(4f0e34f0707bcb149aed0be50859ffc3) Importer(815301076,1909f56bfc062723c751e8b465ee728b)
Start importing Assets/Sprites/Tilesets/Dark/Tiles/1. background layer_118.asset using Guid(4f0e34f0707bcb149aed0be50859ffc3) Importer(815301076,1909f56bfc062723c751e8b465ee728b)  -> (artifact id: 'bd694977d8fdbcd539c9050a8ed219b6') in 0.012099 seconds 
========================================================================
Received Import Request.
  Time since last request: 0.000016 seconds.
  path: Assets/Sprites/Tilesets/Dark/Tiles/1. background layer_124.asset
  artifactKey: Guid(b0aa23fdb6f6bb748a30dd1c7606f8fc) Importer(815301076,1909f56bfc062723c751e8b465ee728b)
Start importing Assets/Sprites/Tilesets/Dark/Tiles/1. background layer_124.asset using Guid(b0aa23fdb6f6bb748a30dd1c7606f8fc) Importer(815301076,1909f56bfc062723c751e8b465ee728b)  -> (artifact id: 'e6f4cf4967f23d63b8596403a7d6f5af') in 0.009619 seconds 
========================================================================
Received Import Request.
  Time since last request: 0.000016 seconds.
  path: Assets/Sprites/Tilesets/Dark/Tiles/1. background layer_126.asset
  artifactKey: Guid(acf3b0cb264022e42ab77627bc394032) Importer(815301076,1909f56bfc062723c751e8b465ee728b)
Start importing Assets/Sprites/Tilesets/Dark/Tiles/1. background layer_126.asset using Guid(acf3b0cb264022e42ab77627bc394032) Importer(815301076,1909f56bfc062723c751e8b465ee728b)  -> (artifact id: 'ed6fdebc81b440861cc14259970bbae0') in 0.007487 seconds 
========================================================================
Received Import Request.
  Time since last request: 0.003702 seconds.
  path: Assets/Sprites/Tilesets/Dark/Tiles/1. background layer_129.asset
  artifactKey: Guid(06f83e45c0d75084c8c1d7f3db81736b) Importer(815301076,1909f56bfc062723c751e8b465ee728b)
Start importing Assets/Sprites/Tilesets/Dark/Tiles/1. background layer_129.asset using Guid(06f83e45c0d75084c8c1d7f3db81736b) Importer(815301076,1909f56bfc062723c751e8b465ee728b)  -> (artifact id: '91fccdde19f6a73044dd7ef3e8780a9a') in 0.008713 seconds 
========================================================================
Received Import Request.
  Time since last request: 0.228861 seconds.
  path: Assets/Sprites/Tilesets/Dark/Tiles/1. background layer_133.asset
  artifactKey: Guid(bb271c91a8e1c1d47863f262e129c778) Importer(815301076,1909f56bfc062723c751e8b465ee728b)
Start importing Assets/Sprites/Tilesets/Dark/Tiles/1. background layer_133.asset using Guid(bb271c91a8e1c1d47863f262e129c778) Importer(815301076,1909f56bfc062723c751e8b465ee728b)  -> (artifact id: '00e2eaff11697ac5a5066831a28a7679') in 0.009118 seconds 
========================================================================
Received Import Request.
  Time since last request: 0.001335 seconds.
  path: Assets/Sprites/Tilesets/Dark/Tiles/1. background layer_137.asset
  artifactKey: Guid(ed4d41ada15077749bdafe802e8477e0) Importer(815301076,1909f56bfc062723c751e8b465ee728b)
Start importing Assets/Sprites/Tilesets/Dark/Tiles/1. background layer_137.asset using Guid(ed4d41ada15077749bdafe802e8477e0) Importer(815301076,1909f56bfc062723c751e8b465ee728b)  -> (artifact id: 'afd6043eda6cc4051843f7f495162ce9') in 0.009327 seconds 
========================================================================
Received Import Request.
  Time since last request: 0.000015 seconds.
  path: Assets/Sprites/Tilesets/Dark/Tiles/1. background layer_139.asset
  artifactKey: Guid(a52a1ccda0d8b934a90c3b7bf1b7d88f) Importer(815301076,1909f56bfc062723c751e8b465ee728b)
Start importing Assets/Sprites/Tilesets/Dark/Tiles/1. background layer_139.asset using Guid(a52a1ccda0d8b934a90c3b7bf1b7d88f) Importer(815301076,1909f56bfc062723c751e8b465ee728b)  -> (artifact id: 'db0dda0253d09512d57e2b37e3e6be3e') in 0.009109 seconds 
========================================================================
Received Import Request.
  Time since last request: 0.009159 seconds.
  path: Assets/Sprites/Tilesets/Dark/Tiles/1. background layer_141.asset
  artifactKey: Guid(23d2fc3c984b0cd4ca962f30dc0c3439) Importer(815301076,1909f56bfc062723c751e8b465ee728b)
Start importing Assets/Sprites/Tilesets/Dark/Tiles/1. background layer_141.asset using Guid(23d2fc3c984b0cd4ca962f30dc0c3439) Importer(815301076,1909f56bfc062723c751e8b465ee728b)  -> (artifact id: '54428697e88960b833692e3fe1e72592') in 0.008288 seconds 
========================================================================
Received Import Request.
  Time since last request: 0.000016 seconds.
  path: Assets/Sprites/Tilesets/Dark/Tiles/1. background layer_148.asset
  artifactKey: Guid(8a2829c7f1436f34b91fb64fbeffdc74) Importer(815301076,1909f56bfc062723c751e8b465ee728b)
Start importing Assets/Sprites/Tilesets/Dark/Tiles/1. background layer_148.asset using Guid(8a2829c7f1436f34b91fb64fbeffdc74) Importer(815301076,1909f56bfc062723c751e8b465ee728b)  -> (artifact id: '73722cc79e21c86be7b9cc55b069771f') in 0.007456 seconds 
========================================================================
Received Import Request.
  Time since last request: 0.015661 seconds.
  path: Assets/Sprites/Tilesets/Dark/Tiles/1. background layer_149.asset
  artifactKey: Guid(08144a93cec35ce4bb1aa0de984209d7) Importer(815301076,1909f56bfc062723c751e8b465ee728b)
Start importing Assets/Sprites/Tilesets/Dark/Tiles/1. background layer_149.asset using Guid(08144a93cec35ce4bb1aa0de984209d7) Importer(815301076,1909f56bfc062723c751e8b465ee728b)  -> (artifact id: 'b7cdb9fa3706ce67f0f9644a53606ba7') in 0.008438 seconds 
========================================================================
Received Import Request.
  Time since last request: 1.203573 seconds.
  path: Assets/Sprites/Tilesets/Dark/Tiles/1. background layer_153.asset
  artifactKey: Guid(e1a9014faf8bc5042a3a67c0a078a0fc) Importer(815301076,1909f56bfc062723c751e8b465ee728b)
Start importing Assets/Sprites/Tilesets/Dark/Tiles/1. background layer_153.asset using Guid(e1a9014faf8bc5042a3a67c0a078a0fc) Importer(815301076,1909f56bfc062723c751e8b465ee728b)  -> (artifact id: 'cc2cd34fe8d6d2579018bbf78ad815df') in 0.010373 seconds 
========================================================================
Received Import Request.
  Time since last request: 0.000016 seconds.
  path: Assets/Sprites/Tilesets/Dark/Tiles/1. background layer_159.asset
  artifactKey: Guid(da0c893b84c35804c99a3c3c4d77b040) Importer(815301076,1909f56bfc062723c751e8b465ee728b)
Start importing Assets/Sprites/Tilesets/Dark/Tiles/1. background layer_159.asset using Guid(da0c893b84c35804c99a3c3c4d77b040) Importer(815301076,1909f56bfc062723c751e8b465ee728b)  -> (artifact id: 'abf0d13a481e2b4366e067860d60e325') in 0.011297 seconds 
========================================================================
Received Import Request.
  Time since last request: 0.000017 seconds.
  path: Assets/Sprites/Tilesets/Dark/Tiles/1. background layer_162.asset
  artifactKey: Guid(a0f31f0cc5d04d44eb6d76b483d36447) Importer(815301076,1909f56bfc062723c751e8b465ee728b)
Start importing Assets/Sprites/Tilesets/Dark/Tiles/1. background layer_162.asset using Guid(a0f31f0cc5d04d44eb6d76b483d36447) Importer(815301076,1909f56bfc062723c751e8b465ee728b)  -> (artifact id: 'd422d8a161c2871cf244a5458b57ae7d') in 0.009296 seconds 
========================================================================
Received Import Request.
  Time since last request: 0.000020 seconds.
  path: Assets/Sprites/Tilesets/Dark/Tiles/1. background layer_166.asset
  artifactKey: Guid(75b25a659b50bb442aa2baa0cf5b4372) Importer(815301076,1909f56bfc062723c751e8b465ee728b)
Start importing Assets/Sprites/Tilesets/Dark/Tiles/1. background layer_166.asset using Guid(75b25a659b50bb442aa2baa0cf5b4372) Importer(815301076,1909f56bfc062723c751e8b465ee728b)  -> (artifact id: '1bb817b2c0e89a525d7405b2365e7f67') in 0.008152 seconds 
========================================================================
Received Import Request.
  Time since last request: 0.000020 seconds.
  path: Assets/Sprites/Tilesets/Dark/Tiles/1. background layer_171.asset
  artifactKey: Guid(c11d3ac7bccd5c845aa577980d12f527) Importer(815301076,1909f56bfc062723c751e8b465ee728b)
Start importing Assets/Sprites/Tilesets/Dark/Tiles/1. background layer_171.asset using Guid(c11d3ac7bccd5c845aa577980d12f527) Importer(815301076,1909f56bfc062723c751e8b465ee728b)  -> (artifact id: 'dc9139775f3c49047f4689af9d5da8c3') in 0.009651 seconds 
========================================================================
Received Import Request.
  Time since last request: 0.000014 seconds.
  path: Assets/Sprites/Tilesets/Dark/Tiles/1. background layer_205.asset
  artifactKey: Guid(2b13e6e3b3882144d955042a88e7e29c) Importer(815301076,1909f56bfc062723c751e8b465ee728b)
Start importing Assets/Sprites/Tilesets/Dark/Tiles/1. background layer_205.asset using Guid(2b13e6e3b3882144d955042a88e7e29c) Importer(815301076,1909f56bfc062723c751e8b465ee728b)  -> (artifact id: '84e2af5dc424d6219e4efe5dab9fa6d5') in 0.007287 seconds 
========================================================================
Received Import Request.
  Time since last request: 0.000015 seconds.
  path: Assets/Sprites/Tilesets/Dark/Tiles/1. background layer_201.asset
  artifactKey: Guid(6f2b4451c72c863428ace3d28ee6a22c) Importer(815301076,1909f56bfc062723c751e8b465ee728b)
Start importing Assets/Sprites/Tilesets/Dark/Tiles/1. background layer_201.asset using Guid(6f2b4451c72c863428ace3d28ee6a22c) Importer(815301076,1909f56bfc062723c751e8b465ee728b)  -> (artifact id: '67d2e4a3efdb798ab1157f3e8d741c72') in 0.007392 seconds 
========================================================================
Received Import Request.
  Time since last request: 0.000030 seconds.
  path: Assets/Sprites/Tilesets/Dark/Tiles/1. background layer_253.asset
  artifactKey: Guid(0ae951daf07b4df4c818dfe7c5f3348c) Importer(815301076,1909f56bfc062723c751e8b465ee728b)
Start importing Assets/Sprites/Tilesets/Dark/Tiles/1. background layer_253.asset using Guid(0ae951daf07b4df4c818dfe7c5f3348c) Importer(815301076,1909f56bfc062723c751e8b465ee728b)  -> (artifact id: '12875b9726828130c4352779314af964') in 0.009374 seconds 
========================================================================
Received Import Request.
  Time since last request: 0.000029 seconds.
  path: Assets/Sprites/Tilesets/Dark/Tiles/1. background layer_251.asset
  artifactKey: Guid(6b58a8efa4fd9f849b52538706724f1a) Importer(815301076,1909f56bfc062723c751e8b465ee728b)
Start importing Assets/Sprites/Tilesets/Dark/Tiles/1. background layer_251.asset using Guid(6b58a8efa4fd9f849b52538706724f1a) Importer(815301076,1909f56bfc062723c751e8b465ee728b)  -> (artifact id: 'fc99392b429b00c0ad35050cc6d5fc6a') in 0.007534 seconds 
========================================================================
Received Import Request.
  Time since last request: 0.000022 seconds.
  path: Assets/Sprites/Tilesets/Dark/Tiles/1. background layer_318.asset
  artifactKey: Guid(c336d61e2a10e2540a48db9156cda75b) Importer(815301076,1909f56bfc062723c751e8b465ee728b)
Start importing Assets/Sprites/Tilesets/Dark/Tiles/1. background layer_318.asset using Guid(c336d61e2a10e2540a48db9156cda75b) Importer(815301076,1909f56bfc062723c751e8b465ee728b)  -> (artifact id: 'ece038d3e3ec95f8e3aca497802a3cb9') in 0.007143 seconds 
========================================================================
Received Import Request.
  Time since last request: 0.000023 seconds.
  path: Assets/Sprites/Tilesets/Dark/Tiles/1. background layer_311.asset
  artifactKey: Guid(f32f8d162b2ad0a458038bfc7dd2116a) Importer(815301076,1909f56bfc062723c751e8b465ee728b)
Start importing Assets/Sprites/Tilesets/Dark/Tiles/1. background layer_311.asset using Guid(f32f8d162b2ad0a458038bfc7dd2116a) Importer(815301076,1909f56bfc062723c751e8b465ee728b)  -> (artifact id: 'ad259ada2feccd752e74f528684efeb5') in 0.006875 seconds 
========================================================================
Received Import Request.
  Time since last request: 0.000021 seconds.
  path: Assets/Sprites/Tilesets/Dark/Tiles/1. background layer_365.asset
  artifactKey: Guid(d2264e34251face4e9203c88b16bb997) Importer(815301076,1909f56bfc062723c751e8b465ee728b)
Start importing Assets/Sprites/Tilesets/Dark/Tiles/1. background layer_365.asset using Guid(d2264e34251face4e9203c88b16bb997) Importer(815301076,1909f56bfc062723c751e8b465ee728b)  -> (artifact id: '808364b9e7048f46e14435eb37bd7502') in 0.008311 seconds 
========================================================================
Received Import Request.
  Time since last request: 0.000026 seconds.
  path: Assets/Sprites/Tilesets/Dark/Tiles/1. background layer_370.asset
  artifactKey: Guid(f7000de4db5cc814f959c0be8724d843) Importer(815301076,1909f56bfc062723c751e8b465ee728b)
Start importing Assets/Sprites/Tilesets/Dark/Tiles/1. background layer_370.asset using Guid(f7000de4db5cc814f959c0be8724d843) Importer(815301076,1909f56bfc062723c751e8b465ee728b)  -> (artifact id: '017e19804a5886a3fe5d1bf16dddd9fa') in 0.006712 seconds 
========================================================================
Received Import Request.
  Time since last request: 0.000015 seconds.
  path: Assets/Sprites/Tilesets/Dark/Tiles/1. background layer_430.asset
  artifactKey: Guid(b4d8185629fe9b34e85b32be30207d69) Importer(815301076,1909f56bfc062723c751e8b465ee728b)
Start importing Assets/Sprites/Tilesets/Dark/Tiles/1. background layer_430.asset using Guid(b4d8185629fe9b34e85b32be30207d69) Importer(815301076,1909f56bfc062723c751e8b465ee728b)  -> (artifact id: 'fb04d5d31ba366037947d885bd30d649') in 0.006755 seconds 
========================================================================
Received Import Request.
  Time since last request: 0.000037 seconds.
  path: Assets/Sprites/Tilesets/Dark/Tiles/1. background layer_421.asset
  artifactKey: Guid(e6a0b61d0bb4a554785c8aa427525d80) Importer(815301076,1909f56bfc062723c751e8b465ee728b)
Start importing Assets/Sprites/Tilesets/Dark/Tiles/1. background layer_421.asset using Guid(e6a0b61d0bb4a554785c8aa427525d80) Importer(815301076,1909f56bfc062723c751e8b465ee728b)  -> (artifact id: 'c00e27a0cb44c7b77261dca58d3400f5') in 0.006324 seconds 
========================================================================
Received Import Request.
  Time since last request: 0.000021 seconds.
  path: Assets/Sprites/Tilesets/Dark/Tiles/1. background layer_484.asset
  artifactKey: Guid(3dcaae51d58e9c14b85caf3f8ca22f8b) Importer(815301076,1909f56bfc062723c751e8b465ee728b)
Start importing Assets/Sprites/Tilesets/Dark/Tiles/1. background layer_484.asset using Guid(3dcaae51d58e9c14b85caf3f8ca22f8b) Importer(815301076,1909f56bfc062723c751e8b465ee728b)  -> (artifact id: '83977cfbf284a16f8152fa9b08ea75c1') in 0.007299 seconds 
========================================================================
Received Import Request.
  Time since last request: 0.000017 seconds.
  path: Assets/Sprites/Tilesets/Dark/Tiles/1. background layer_425.asset
  artifactKey: Guid(773a6a7dcdd4c2c48b61717b428846e1) Importer(815301076,1909f56bfc062723c751e8b465ee728b)
Start importing Assets/Sprites/Tilesets/Dark/Tiles/1. background layer_425.asset using Guid(773a6a7dcdd4c2c48b61717b428846e1) Importer(815301076,1909f56bfc062723c751e8b465ee728b)  -> (artifact id: '01ad145e2545a67f5c6e46b017f88bab') in 0.007963 seconds 
========================================================================
Received Import Request.
  Time since last request: 0.000015 seconds.
  path: Assets/Sprites/Tilesets/Dark/Tiles/1. background layer_257.asset
  artifactKey: Guid(9e5abffc7d56d0f409415ffe1f5fcb40) Importer(815301076,1909f56bfc062723c751e8b465ee728b)
Start importing Assets/Sprites/Tilesets/Dark/Tiles/1. background layer_257.asset using Guid(9e5abffc7d56d0f409415ffe1f5fcb40) Importer(815301076,1909f56bfc062723c751e8b465ee728b)  -> (artifact id: '79bbe7161267d1ef181983e2e00b1777') in 0.007638 seconds 
========================================================================
Received Import Request.
  Time since last request: 0.000025 seconds.
  path: Assets/Sprites/Tilesets/Dark/Tiles/1. background layer_557.asset
  artifactKey: Guid(0a1532010d2725e4699149758cf27976) Importer(815301076,1909f56bfc062723c751e8b465ee728b)
Start importing Assets/Sprites/Tilesets/Dark/Tiles/1. background layer_557.asset using Guid(0a1532010d2725e4699149758cf27976) Importer(815301076,1909f56bfc062723c751e8b465ee728b)  -> (artifact id: '3ad3f87d89bcd6c881a0ca886d4060a9') in 0.009844 seconds 
========================================================================
Received Import Request.
  Time since last request: 0.000014 seconds.
  path: Assets/Sprites/Tilesets/Dark/Tiles/1. background layer_488.asset
  artifactKey: Guid(5b779d4eb025a484286d364c2fdb8da3) Importer(815301076,1909f56bfc062723c751e8b465ee728b)
Start importing Assets/Sprites/Tilesets/Dark/Tiles/1. background layer_488.asset using Guid(5b779d4eb025a484286d364c2fdb8da3) Importer(815301076,1909f56bfc062723c751e8b465ee728b)  -> (artifact id: 'ed7b579bb00581b0ecbde68ee02af01e') in 0.008727 seconds 
========================================================================
Received Import Request.
  Time since last request: 0.000020 seconds.
  path: Assets/Sprites/Tilesets/Dark/Tiles/1. background layer_611.asset
  artifactKey: Guid(08edfe5787750224595e2a975dce5d3f) Importer(815301076,1909f56bfc062723c751e8b465ee728b)
Start importing Assets/Sprites/Tilesets/Dark/Tiles/1. background layer_611.asset using Guid(08edfe5787750224595e2a975dce5d3f) Importer(815301076,1909f56bfc062723c751e8b465ee728b)  -> (artifact id: '301c5729a1747d957c15d38d8f636346') in 0.008034 seconds 
========================================================================
Received Import Request.
  Time since last request: 0.000019 seconds.
  path: Assets/Sprites/Tilesets/Dark/Tiles/1. background layer_569.asset
  artifactKey: Guid(bc5e7072114957c4ea3fc26f174e8e81) Importer(815301076,1909f56bfc062723c751e8b465ee728b)
Start importing Assets/Sprites/Tilesets/Dark/Tiles/1. background layer_569.asset using Guid(bc5e7072114957c4ea3fc26f174e8e81) Importer(815301076,1909f56bfc062723c751e8b465ee728b)  -> (artifact id: 'c7bf612f115c1a59e0d0b35ee9e7b31d') in 0.008642 seconds 
========================================================================
Received Import Request.
  Time since last request: 0.000017 seconds.
  path: Assets/Sprites/Tilesets/Dark/Tiles/1. background layer_648.asset
  artifactKey: Guid(fb465982ee2114b4bb7fc9802687f95b) Importer(815301076,1909f56bfc062723c751e8b465ee728b)
Start importing Assets/Sprites/Tilesets/Dark/Tiles/1. background layer_648.asset using Guid(fb465982ee2114b4bb7fc9802687f95b) Importer(815301076,1909f56bfc062723c751e8b465ee728b)  -> (artifact id: '9e9b08a59262dadfbfaa3c7cdbeecbbc') in 0.006532 seconds 
========================================================================
Received Import Request.
  Time since last request: 0.000025 seconds.
  path: Assets/Sprites/Tilesets/Dark/Tiles/1. background layer_599.asset
  artifactKey: Guid(7f3024125a899284bb662be173a1e0a8) Importer(815301076,1909f56bfc062723c751e8b465ee728b)
Start importing Assets/Sprites/Tilesets/Dark/Tiles/1. background layer_599.asset using Guid(7f3024125a899284bb662be173a1e0a8) Importer(815301076,1909f56bfc062723c751e8b465ee728b)  -> (artifact id: 'c08227ee25766f0a8effb96292a4895c') in 0.007862 seconds 
========================================================================
Received Import Request.
  Time since last request: 0.000017 seconds.
  path: Assets/Sprites/Tilesets/Dark/Tiles/1. background layer_359.asset
  artifactKey: Guid(a4c22511a8abff04da852a4e3c239679) Importer(815301076,1909f56bfc062723c751e8b465ee728b)
Start importing Assets/Sprites/Tilesets/Dark/Tiles/1. background layer_359.asset using Guid(a4c22511a8abff04da852a4e3c239679) Importer(815301076,1909f56bfc062723c751e8b465ee728b)  -> (artifact id: '003f595b6b7f2a882ad5dfa0b2e2b491') in 0.008233 seconds 
========================================================================
Received Import Request.
  Time since last request: 0.000015 seconds.
  path: Assets/Sprites/Tilesets/Dark/Tiles/1. background layer_607.asset
  artifactKey: Guid(5a95e6b5b0cd6ec4c9671627f5a6963f) Importer(815301076,1909f56bfc062723c751e8b465ee728b)
Start importing Assets/Sprites/Tilesets/Dark/Tiles/1. background layer_607.asset using Guid(5a95e6b5b0cd6ec4c9671627f5a6963f) Importer(815301076,1909f56bfc062723c751e8b465ee728b)  -> (artifact id: '9d433ee88eeb7e79758f54adc7c2df83') in 0.006297 seconds 
========================================================================
Received Import Request.
  Time since last request: 0.000018 seconds.
  path: Assets/Sprites/Tilesets/Dark/Tiles/1. background layer_564.asset
  artifactKey: Guid(fe4a5a28831f0d6459f8f53d1dcf7227) Importer(815301076,1909f56bfc062723c751e8b465ee728b)
Start importing Assets/Sprites/Tilesets/Dark/Tiles/1. background layer_564.asset using Guid(fe4a5a28831f0d6459f8f53d1dcf7227) Importer(815301076,1909f56bfc062723c751e8b465ee728b)  -> (artifact id: '30a108b327e2fbbaf1b096fd32ff12e7') in 0.009682 seconds 
========================================================================
Received Import Request.
  Time since last request: 0.000021 seconds.
  path: Assets/Sprites/Tilesets/Dark/Tiles/1. background layer_369.asset
  artifactKey: Guid(12932bbab3e8480439cff72b0721f56c) Importer(815301076,1909f56bfc062723c751e8b465ee728b)
Start importing Assets/Sprites/Tilesets/Dark/Tiles/1. background layer_369.asset using Guid(12932bbab3e8480439cff72b0721f56c) Importer(815301076,1909f56bfc062723c751e8b465ee728b)  -> (artifact id: 'f78d600ecccd41d822d1090f08be0061') in 0.007713 seconds 
========================================================================
Received Import Request.
  Time since last request: 0.000029 seconds.
  path: Assets/Sprites/Tilesets/Dark/Tiles/1. background layer_565.asset
  artifactKey: Guid(cd0063a69c8d9da4eb39b2649fac7fbc) Importer(815301076,1909f56bfc062723c751e8b465ee728b)
Start importing Assets/Sprites/Tilesets/Dark/Tiles/1. background layer_565.asset using Guid(cd0063a69c8d9da4eb39b2649fac7fbc) Importer(815301076,1909f56bfc062723c751e8b465ee728b)  -> (artifact id: 'c75400e9a5041afcefee7bf13c027c0d') in 0.007235 seconds 
========================================================================
Received Import Request.
  Time since last request: 0.000030 seconds.
  path: Assets/Sprites/Tilesets/Dark/Tiles/1. background layer_310.asset
  artifactKey: Guid(879061b7953cf8c4084c738ea503b0cc) Importer(815301076,1909f56bfc062723c751e8b465ee728b)
Start importing Assets/Sprites/Tilesets/Dark/Tiles/1. background layer_310.asset using Guid(879061b7953cf8c4084c738ea503b0cc) Importer(815301076,1909f56bfc062723c751e8b465ee728b)  -> (artifact id: '25725f25d5375276eace50ec6d3680d4') in 0.006310 seconds 
========================================================================
Received Import Request.
  Time since last request: 0.000019 seconds.
  path: Assets/Sprites/Tilesets/Dark/Tiles/1. background layer_313.asset
  artifactKey: Guid(96a2eb140b438d5489c095139de57f87) Importer(815301076,1909f56bfc062723c751e8b465ee728b)
Start importing Assets/Sprites/Tilesets/Dark/Tiles/1. background layer_313.asset using Guid(96a2eb140b438d5489c095139de57f87) Importer(815301076,1909f56bfc062723c751e8b465ee728b)  -> (artifact id: '361202c49c9b37d1f952441dcef9fb9b') in 0.008138 seconds 
========================================================================
Received Import Request.
  Time since last request: 0.000015 seconds.
  path: Assets/Sprites/Tilesets/Dark/Tiles/1. background layer_610.asset
  artifactKey: Guid(f3a448d4b7a371a499010cd9e107b7d1) Importer(815301076,1909f56bfc062723c751e8b465ee728b)
Start importing Assets/Sprites/Tilesets/Dark/Tiles/1. background layer_610.asset using Guid(f3a448d4b7a371a499010cd9e107b7d1) Importer(815301076,1909f56bfc062723c751e8b465ee728b)  -> (artifact id: 'e242d8662fe525eafd2bb6c84a77939e') in 0.006345 seconds 
========================================================================
Received Import Request.
  Time since last request: 0.000013 seconds.
  path: Assets/Sprites/Tilesets/Dark/Tiles/1. background layer_658.asset
  artifactKey: Guid(c2b356322b6e1bf4ab43adb4fffc0eb1) Importer(815301076,1909f56bfc062723c751e8b465ee728b)
Start importing Assets/Sprites/Tilesets/Dark/Tiles/1. background layer_658.asset using Guid(c2b356322b6e1bf4ab43adb4fffc0eb1) Importer(815301076,1909f56bfc062723c751e8b465ee728b)  -> (artifact id: '667ebadccb0950c892a586fcd7dc31cd') in 0.006115 seconds 
========================================================================
Received Import Request.
  Time since last request: 0.000015 seconds.
  path: Assets/Sprites/Tilesets/Dark/Tiles/1. background layer_432.asset
  artifactKey: Guid(acee0329cfa01a04ca667c13f7c3e3d7) Importer(815301076,1909f56bfc062723c751e8b465ee728b)
Start importing Assets/Sprites/Tilesets/Dark/Tiles/1. background layer_432.asset using Guid(acee0329cfa01a04ca667c13f7c3e3d7) Importer(815301076,1909f56bfc062723c751e8b465ee728b)  -> (artifact id: '2ef8f40427ac10d3f3e54fced294f774') in 0.006867 seconds 
========================================================================
Received Import Request.
  Time since last request: 0.000028 seconds.
  path: Assets/Sprites/Tilesets/Dark/Tiles/1. background layer_203.asset
  artifactKey: Guid(41be44bd4dda8b542bbe749983563768) Importer(815301076,1909f56bfc062723c751e8b465ee728b)
Start importing Assets/Sprites/Tilesets/Dark/Tiles/1. background layer_203.asset using Guid(41be44bd4dda8b542bbe749983563768) Importer(815301076,1909f56bfc062723c751e8b465ee728b)  -> (artifact id: '8fb05a0be2aca58a5a10f8065bf1d178') in 0.008664 seconds 
========================================================================
Received Import Request.
  Time since last request: 0.000016 seconds.
  path: Assets/Sprites/Tilesets/Dark/Tiles/1. background layer_218.asset
  artifactKey: Guid(c0ad92b5b2c60b94691a9ef774392ab4) Importer(815301076,1909f56bfc062723c751e8b465ee728b)
Start importing Assets/Sprites/Tilesets/Dark/Tiles/1. background layer_218.asset using Guid(c0ad92b5b2c60b94691a9ef774392ab4) Importer(815301076,1909f56bfc062723c751e8b465ee728b)  -> (artifact id: 'f8c1280c144392c32be8ab7ee0753ff2') in 0.006895 seconds 
========================================================================
Received Import Request.
  Time since last request: 0.000019 seconds.
  path: Assets/Sprites/Tilesets/Dark/Tiles/1. background layer_646.asset
  artifactKey: Guid(b9e51ead528d6bc4b803759210481b9a) Importer(815301076,1909f56bfc062723c751e8b465ee728b)
Start importing Assets/Sprites/Tilesets/Dark/Tiles/1. background layer_646.asset using Guid(b9e51ead528d6bc4b803759210481b9a) Importer(815301076,1909f56bfc062723c751e8b465ee728b)  -> (artifact id: '63fed3bb28a7e40c8bc986b471f668f4') in 0.007442 seconds 
========================================================================
Received Import Request.
  Time since last request: 0.000019 seconds.
  path: Assets/Sprites/Tilesets/Dark/Tiles/1. background layer_501.asset
  artifactKey: Guid(4356d62322489754c8d9129072a8d657) Importer(815301076,1909f56bfc062723c751e8b465ee728b)
Start importing Assets/Sprites/Tilesets/Dark/Tiles/1. background layer_501.asset using Guid(4356d62322489754c8d9129072a8d657) Importer(815301076,1909f56bfc062723c751e8b465ee728b)  -> (artifact id: 'ec3c63de734d0768470b565820385114') in 0.006910 seconds 
========================================================================
Received Import Request.
  Time since last request: 0.000020 seconds.
  path: Assets/Sprites/Tilesets/Dark/Tiles/1. background layer_493.asset
  artifactKey: Guid(6576d71b793c3f44199ef87d6138fbbe) Importer(815301076,1909f56bfc062723c751e8b465ee728b)
Start importing Assets/Sprites/Tilesets/Dark/Tiles/1. background layer_493.asset using Guid(6576d71b793c3f44199ef87d6138fbbe) Importer(815301076,1909f56bfc062723c751e8b465ee728b)  -> (artifact id: '8f527ce1528263b68a0e161cfbdb76d8') in 0.006460 seconds 
========================================================================
Received Import Request.
  Time since last request: 0.000018 seconds.
  path: Assets/Sprites/Tilesets/Dark/Tiles/1. background layer_612.asset
  artifactKey: Guid(78a81959cf410ce4d924ab5af0a4cd76) Importer(815301076,1909f56bfc062723c751e8b465ee728b)
Start importing Assets/Sprites/Tilesets/Dark/Tiles/1. background layer_612.asset using Guid(78a81959cf410ce4d924ab5af0a4cd76) Importer(815301076,1909f56bfc062723c751e8b465ee728b)  -> (artifact id: 'dc8909eccba42f2bd6576179b9b0a09e') in 0.006594 seconds 
========================================================================
Received Import Request.
  Time since last request: 0.000017 seconds.
  path: Assets/Sprites/Tilesets/Dark/Tiles/1. background layer_426.asset
  artifactKey: Guid(47fed911a6223874fa5791d3d0a26403) Importer(815301076,1909f56bfc062723c751e8b465ee728b)
Start importing Assets/Sprites/Tilesets/Dark/Tiles/1. background layer_426.asset using Guid(47fed911a6223874fa5791d3d0a26403) Importer(815301076,1909f56bfc062723c751e8b465ee728b)  -> (artifact id: '7cf4da84535f3c8aa5a0c434437f2553') in 0.006894 seconds 
========================================================================
Received Import Request.
  Time since last request: 0.000016 seconds.
  path: Assets/Sprites/Tilesets/Dark/Tiles/1. background layer_200.asset
  artifactKey: Guid(fe37c76aa108d6248aa75d2546396a7d) Importer(815301076,1909f56bfc062723c751e8b465ee728b)
Start importing Assets/Sprites/Tilesets/Dark/Tiles/1. background layer_200.asset using Guid(fe37c76aa108d6248aa75d2546396a7d) Importer(815301076,1909f56bfc062723c751e8b465ee728b)  -> (artifact id: 'd2bf8deddd81a9d1537ead2aa5b08267') in 0.006423 seconds 
========================================================================
Received Import Request.
  Time since last request: 0.000025 seconds.
  path: Assets/Sprites/Tilesets/Dark/Tiles/1. background layer_558.asset
  artifactKey: Guid(6cf58273d1ea8714697548584a932588) Importer(815301076,1909f56bfc062723c751e8b465ee728b)
Start importing Assets/Sprites/Tilesets/Dark/Tiles/1. background layer_558.asset using Guid(6cf58273d1ea8714697548584a932588) Importer(815301076,1909f56bfc062723c751e8b465ee728b)  -> (artifact id: '545bdd4b9c94380d09aa565bea44805f') in 0.006614 seconds 
========================================================================
Received Import Request.
  Time since last request: 0.000021 seconds.
  path: Assets/Sprites/Tilesets/Dark/Tiles/1. background layer_304.asset
  artifactKey: Guid(c5a0cb34f2a64d246b2c6ffddeb5d6b3) Importer(815301076,1909f56bfc062723c751e8b465ee728b)
Start importing Assets/Sprites/Tilesets/Dark/Tiles/1. background layer_304.asset using Guid(c5a0cb34f2a64d246b2c6ffddeb5d6b3) Importer(815301076,1909f56bfc062723c751e8b465ee728b)  -> (artifact id: 'd33c62904c01a84c71135d47d8d91c98') in 0.006662 seconds 
========================================================================
Received Import Request.
  Time since last request: 0.000018 seconds.
  path: Assets/Sprites/Tilesets/Dark/Tiles/1. background layer_422.asset
  artifactKey: Guid(7d5f00ad9c55201469c022f5d108b1fb) Importer(815301076,1909f56bfc062723c751e8b465ee728b)
Start importing Assets/Sprites/Tilesets/Dark/Tiles/1. background layer_422.asset using Guid(7d5f00ad9c55201469c022f5d108b1fb) Importer(815301076,1909f56bfc062723c751e8b465ee728b)  -> (artifact id: 'af73d10f4d8b85a3454af924f3ccd8ac') in 0.007804 seconds 
========================================================================
Received Import Request.
  Time since last request: 0.000025 seconds.
  path: Assets/Sprites/Tilesets/Dark/Tiles/1. background layer_636.asset
  artifactKey: Guid(d90f468d172f2314e97acb3a2e001c99) Importer(815301076,1909f56bfc062723c751e8b465ee728b)
Start importing Assets/Sprites/Tilesets/Dark/Tiles/1. background layer_636.asset using Guid(d90f468d172f2314e97acb3a2e001c99) Importer(815301076,1909f56bfc062723c751e8b465ee728b)  -> (artifact id: 'c8a7153320b06d0c99a5c85528c92f7d') in 0.007173 seconds 
========================================================================
Received Import Request.
  Time since last request: 0.000019 seconds.
  path: Assets/Sprites/Tilesets/Dark/Tiles/1. background layer_374.asset
  artifactKey: Guid(2303d9ead2ddd3f4e827c764da2d4768) Importer(815301076,1909f56bfc062723c751e8b465ee728b)
Start importing Assets/Sprites/Tilesets/Dark/Tiles/1. background layer_374.asset using Guid(2303d9ead2ddd3f4e827c764da2d4768) Importer(815301076,1909f56bfc062723c751e8b465ee728b)  -> (artifact id: '7166eb64c000fb360eebfb97a5f7ab06') in 0.007959 seconds 
========================================================================
Received Import Request.
  Time since last request: 0.000025 seconds.
  path: Assets/Sprites/Tilesets/Dark/Tiles/1. background layer_554.asset
  artifactKey: Guid(db2ac39e328f0594bb28dc2092566794) Importer(815301076,1909f56bfc062723c751e8b465ee728b)
Start importing Assets/Sprites/Tilesets/Dark/Tiles/1. background layer_554.asset using Guid(db2ac39e328f0594bb28dc2092566794) Importer(815301076,1909f56bfc062723c751e8b465ee728b)  -> (artifact id: 'e30a25e34a45c5837aae3d05306ed760') in 0.006873 seconds 
========================================================================
Received Import Request.
  Time since last request: 0.000027 seconds.
  path: Assets/Sprites/Tilesets/Dark/Tiles/1. background layer_647.asset
  artifactKey: Guid(15fa3caad81b4ca40aeab8245d49288a) Importer(815301076,1909f56bfc062723c751e8b465ee728b)
Start importing Assets/Sprites/Tilesets/Dark/Tiles/1. background layer_647.asset using Guid(15fa3caad81b4ca40aeab8245d49288a) Importer(815301076,1909f56bfc062723c751e8b465ee728b)  -> (artifact id: '3efed59505d2cc2ab9973b1ba0a6bb62') in 0.007311 seconds 
========================================================================
Received Import Request.
  Time since last request: 0.000021 seconds.
  path: Assets/Sprites/Tilesets/Dark/Tiles/1. background layer_317.asset
  artifactKey: Guid(83029bebb371bcb4392c70019d3ee1ba) Importer(815301076,1909f56bfc062723c751e8b465ee728b)
Start importing Assets/Sprites/Tilesets/Dark/Tiles/1. background layer_317.asset using Guid(83029bebb371bcb4392c70019d3ee1ba) Importer(815301076,1909f56bfc062723c751e8b465ee728b)  -> (artifact id: '31235fc3aac6ff12cc7181985df14516') in 0.006583 seconds 
========================================================================
Received Import Request.
  Time since last request: 0.000018 seconds.
  path: Assets/Sprites/Tilesets/Dark/Tiles/1. background layer_320.asset
  artifactKey: Guid(13697a9fb5782a0498f1c61946b8d959) Importer(815301076,1909f56bfc062723c751e8b465ee728b)
Start importing Assets/Sprites/Tilesets/Dark/Tiles/1. background layer_320.asset using Guid(13697a9fb5782a0498f1c61946b8d959) Importer(815301076,1909f56bfc062723c751e8b465ee728b)  -> (artifact id: 'ab02fba5dd6c3c6db82b2be2474457d8') in 0.006113 seconds 
========================================================================
Received Import Request.
  Time since last request: 0.000022 seconds.
  path: Assets/Sprites/Tilesets/Dark/Tiles/1. background layer_435.asset
  artifactKey: Guid(d6754c58f8ab5c14a83b76aba4a26753) Importer(815301076,1909f56bfc062723c751e8b465ee728b)
Start importing Assets/Sprites/Tilesets/Dark/Tiles/1. background layer_435.asset using Guid(d6754c58f8ab5c14a83b76aba4a26753) Importer(815301076,1909f56bfc062723c751e8b465ee728b)  -> (artifact id: 'c0c7f79c6ec9691e61de8ee942d9a8d2') in 0.006377 seconds 
========================================================================
Received Import Request.
  Time since last request: 0.000022 seconds.
  path: Assets/Sprites/Tilesets/Dark/Tiles/1. background layer_566.asset
  artifactKey: Guid(076598034ee8a2949a3fe1c8b0626835) Importer(815301076,1909f56bfc062723c751e8b465ee728b)
Start importing Assets/Sprites/Tilesets/Dark/Tiles/1. background layer_566.asset using Guid(076598034ee8a2949a3fe1c8b0626835) Importer(815301076,1909f56bfc062723c751e8b465ee728b)  -> (artifact id: '11c7c95ad5732836fc726ed26095737d') in 0.006071 seconds 
========================================================================
Received Import Request.
  Time since last request: 0.000016 seconds.
  path: Assets/Sprites/Tilesets/Dark/Tiles/1. background layer_204.asset
  artifactKey: Guid(e295595cc7ea2274da688da04d414b23) Importer(815301076,1909f56bfc062723c751e8b465ee728b)
Start importing Assets/Sprites/Tilesets/Dark/Tiles/1. background layer_204.asset using Guid(e295595cc7ea2274da688da04d414b23) Importer(815301076,1909f56bfc062723c751e8b465ee728b)  -> (artifact id: '579d1cf50d27003964d3e41e86ce58f7') in 0.006950 seconds 
========================================================================
Received Import Request.
  Time since last request: 0.000022 seconds.
  path: Assets/Sprites/Tilesets/Dark/Tiles/1. background layer_572.asset
  artifactKey: Guid(76e99ba5326fa34498ab86b2c5bcdf62) Importer(815301076,1909f56bfc062723c751e8b465ee728b)
Start importing Assets/Sprites/Tilesets/Dark/Tiles/1. background layer_572.asset using Guid(76e99ba5326fa34498ab86b2c5bcdf62) Importer(815301076,1909f56bfc062723c751e8b465ee728b)  -> (artifact id: 'be762200fdd4512300cb502e4c1d7f1c') in 0.006224 seconds 
Editor requested this worker to shutdown with reason: Scaling down because of idle timeout
AssetImportWorker is now disconnected from the server
Process exiting
Exiting without the bug reporter. Application will terminate with return code 0