Using pre-set license
Built from '2021.2/staging' branch; Version is '2021.2.7f1 (6bd9e232123f) revision 7068130'; Using compiler version '192829333'; Build Type 'Release'
OS: 'Windows 10  (10.0.19043) 64bit Core' Language: 'fr' Physical Memory: 16158 MB
BatchMode: 1, IsHumanControllingUs: 0, StartBugReporterOnCrash: 0, Is64bit: 1, IsPro: 0

COMMAND LINE ARGUMENTS:
D:\Programme\Unity\2021.2.7f1\Editor\Unity.exe
-adb2
-batchMode
-noUpm
-name
AssetImportWorker4
-projectPath
D:/Projet/TimeOver/TimeOver.Unity
-logFile
Logs/AssetImportWorker4.log
-srvPort
63544
Successfully changed project path to: D:/Projet/TimeOver/TimeOver.Unity
D:/Projet/TimeOver/TimeOver.Unity
[UnityMemory] Configuration Parameters - Can be set up in boot.config
    "memorysetup-bucket-allocator-granularity=16"
    "memorysetup-bucket-allocator-bucket-count=8"
    "memorysetup-bucket-allocator-block-size=33554432"
    "memorysetup-bucket-allocator-block-count=8"
    "memorysetup-main-allocator-block-size=16777216"
    "memorysetup-thread-allocator-block-size=16777216"
    "memorysetup-gfx-main-allocator-block-size=16777216"
    "memorysetup-gfx-thread-allocator-block-size=16777216"
    "memorysetup-cache-allocator-block-size=4194304"
    "memorysetup-typetree-allocator-block-size=2097152"
    "memorysetup-profiler-bucket-allocator-granularity=16"
    "memorysetup-profiler-bucket-allocator-bucket-count=8"
    "memorysetup-profiler-bucket-allocator-block-size=33554432"
    "memorysetup-profiler-bucket-allocator-block-count=8"
    "memorysetup-profiler-allocator-block-size=16777216"
    "memorysetup-profiler-editor-allocator-block-size=1048576"
    "memorysetup-temp-allocator-size-main=16777216"
    "memorysetup-job-temp-allocator-block-size=2097152"
    "memorysetup-job-temp-allocator-block-size-background=1048576"
    "memorysetup-job-temp-allocator-reduction-small-platforms=262144"
    "memorysetup-temp-allocator-size-background-worker=32768"
    "memorysetup-temp-allocator-size-job-worker=262144"
    "memorysetup-temp-allocator-size-preload-manager=33554432"
    "memorysetup-temp-allocator-size-nav-mesh-worker=65536"
    "memorysetup-temp-allocator-size-audio-worker=65536"
    "memorysetup-temp-allocator-size-cloud-worker=32768"
    "memorysetup-temp-allocator-size-gi-baking-worker=262144"
    "memorysetup-temp-allocator-size-gfx=262144"
Refreshing native plugins compatible for Editor in 40.71 ms, found 3 plugins.
Preloading 0 native plugins for Editor in 0.00 ms.
Initialize engine version: 2021.2.7f1 (6bd9e232123f)
[Subsystems] Discovering subsystems at path D:/Programme/Unity/2021.2.7f1/Editor/Data/Resources/UnitySubsystems
[Subsystems] Discovering subsystems at path D:/Projet/TimeOver/TimeOver.Unity/Assets
GfxDevice: creating device client; threaded=0; jobified=0
Direct3D:
    Version:  Direct3D 11.0 [level 11.1]
    Renderer: NVIDIA GeForce RTX 3060 Laptop GPU (ID=0x2520)
    Vendor:   NVIDIA
    VRAM:     6023 MB
    Driver:   30.0.15.1165
Initialize mono
Mono path[0] = 'D:/Programme/Unity/2021.2.7f1/Editor/Data/Managed'
Mono path[1] = 'D:/Programme/Unity/2021.2.7f1/Editor/Data/MonoBleedingEdge/lib/mono/unityjit-win32'
Mono config path = 'D:/Programme/Unity/2021.2.7f1/Editor/Data/MonoBleedingEdge/etc'
Using monoOptions --debugger-agent=transport=dt_socket,embedding=1,server=y,suspend=n,address=127.0.0.1:56716
Begin MonoManager ReloadAssembly
Registering precompiled unity dll's ...
Register platform support module: D:/Programme/Unity/2021.2.7f1/Editor/Data/PlaybackEngines/WindowsStandaloneSupport/UnityEditor.WindowsStandalone.Extensions.dll
Registered in 0.002333 seconds.
Native extension for WindowsStandalone target not found
Refreshing native plugins compatible for Editor in 38.22 ms, found 3 plugins.
Preloading 0 native plugins for Editor in 0.00 ms.
Mono: successfully reloaded assembly
- Completed reload, in  0.552 seconds
Domain Reload Profiling:
	ReloadAssembly (553ms)
		BeginReloadAssembly (78ms)
			ExecutionOrderSort (0ms)
			DisableScriptedObjects (0ms)
			BackupInstance (0ms)
			ReleaseScriptingObjects (0ms)
			CreateAndSetChildDomain (1ms)
		EndReloadAssembly (405ms)
			LoadAssemblies (78ms)
			RebuildTransferFunctionScriptingTraits (0ms)
			SetupTypeCache (91ms)
			ReleaseScriptCaches (0ms)
			RebuildScriptCaches (29ms)
			SetupLoadedEditorAssemblies (241ms)
				LogAssemblyErrors (0ms)
				InitializePlatformSupportModulesInManaged (15ms)
				SetLoadedEditorAssemblies (0ms)
				RefreshPlugins (38ms)
				BeforeProcessingInitializeOnLoad (1ms)
				ProcessInitializeOnLoadAttributes (140ms)
				ProcessInitializeOnLoadMethodAttributes (46ms)
				AfterProcessingInitializeOnLoad (0ms)
				EditorAssembliesLoaded (0ms)
			ExecutionOrderSort2 (0ms)
			AwakeInstancesAfterBackupRestoration (0ms)
Platform modules already initialized, skipping
Registering precompiled user dll's ...
Registered in 0.005207 seconds.
Begin MonoManager ReloadAssembly
Native extension for WindowsStandalone target not found
Refreshing native plugins compatible for Editor in 33.92 ms, found 3 plugins.
Preloading 0 native plugins for Editor in 0.00 ms.
Mono: successfully reloaded assembly
- Completed reload, in  1.076 seconds
Domain Reload Profiling:
	ReloadAssembly (1077ms)
		BeginReloadAssembly (118ms)
			ExecutionOrderSort (0ms)
			DisableScriptedObjects (6ms)
			BackupInstance (0ms)
			ReleaseScriptingObjects (0ms)
			CreateAndSetChildDomain (21ms)
		EndReloadAssembly (879ms)
			LoadAssemblies (83ms)
			RebuildTransferFunctionScriptingTraits (0ms)
			SetupTypeCache (186ms)
			ReleaseScriptCaches (0ms)
			RebuildScriptCaches (44ms)
			SetupLoadedEditorAssemblies (539ms)
				LogAssemblyErrors (0ms)
				InitializePlatformSupportModulesInManaged (12ms)
				SetLoadedEditorAssemblies (0ms)
				RefreshPlugins (34ms)
				BeforeProcessingInitializeOnLoad (52ms)
				ProcessInitializeOnLoadAttributes (404ms)
				ProcessInitializeOnLoadMethodAttributes (34ms)
				AfterProcessingInitializeOnLoad (3ms)
				EditorAssembliesLoaded (0ms)
			ExecutionOrderSort2 (0ms)
			AwakeInstancesAfterBackupRestoration (5ms)
Platform modules already initialized, skipping
========================================================================
Worker process is ready to serve import requests
Launched and connected shader compiler UnityShaderCompiler.exe after 0.03 seconds
Refreshing native plugins compatible for Editor in 0.47 ms, found 3 plugins.
Preloading 0 native plugins for Editor in 0.00 ms.
Unloading 2307 Unused Serialized files (Serialized files now loaded: 0)
Unloading 33 unused Assets / (55.7 KB). Loaded Objects now: 2767.
Memory consumption went from 104.8 MB to 104.7 MB.
Total: 3.449400 ms (FindLiveObjects: 0.187000 ms CreateObjectMapping: 0.112200 ms MarkObjects: 3.102500 ms  DeleteObjects: 0.047200 ms)

AssetImportParameters requested are different than current active one (requested -> active):
  custom:video-decoder-ogg-theora: a1e56fd34408186e4bbccfd4996cb3dc -> 
  custom:container-muxer-webm: aa71ff27fc2769a1b78a27578f13a17b -> 
  custom:container-demuxer-webm: 4f35f7cbe854078d1ac9338744f61a02 -> 
  custom:video-encoder-webm-vp8: eb34c28f22e8b96e1ab97ce403110664 -> 
  custom:video-codec-MediaFoundation-h265: 746d11721c4dcdbdad8f713fa42b33f4 -> 
  custom:audio-encoder-webm-vorbis: bf7c407c2cedff20999df2af8eb42d56 -> 
  custom:framework-win-MediaFoundation: 216162199b28c13a410421893ffa2e32 -> 
  custom:container-demuxer-ogg: 62fdf1f143b41e24485cea50d1cbac27 -> 
  custom:video-decoder-webm-vp8: 9c59270c3fd7afecdb556c50c9e8de78 -> 
  custom:audio-decoder-ogg-vorbis: bf7c407c2cedff20999df2af8eb42d56 -> 
========================================================================
Received Import Request.
  Time since last request: 173163.379290 seconds.
  path: Assets/Sprites/Character/crouch_attacks.png
  artifactKey: Guid(3f26bde70f3ed81429deb955a637f087) Importer(815301076,1909f56bfc062723c751e8b465ee728b)
Start importing Assets/Sprites/Character/crouch_attacks.png using Guid(3f26bde70f3ed81429deb955a637f087) Importer(815301076,1909f56bfc062723c751e8b465ee728b)  -> (artifact id: 'c826685cb7cd50bff7083f52e6308586') in 0.103815 seconds 
========================================================================
Received Import Request.
  Time since last request: 206.394072 seconds.
  path: Assets/Sprites/Character/crouch_attacks.png
  artifactKey: Guid(3f26bde70f3ed81429deb955a637f087) Importer(815301076,1909f56bfc062723c751e8b465ee728b)
Start importing Assets/Sprites/Character/crouch_attacks.png using Guid(3f26bde70f3ed81429deb955a637f087) Importer(815301076,1909f56bfc062723c751e8b465ee728b)  -> (artifact id: '09af25885073bd0071c7ce2ba76fee2d') in 0.034249 seconds 
========================================================================
Received Prepare
Registering precompiled user dll's ...
Registered in 0.004238 seconds.
Begin MonoManager ReloadAssembly
Native extension for WindowsStandalone target not found
Refreshing native plugins compatible for Editor in 0.47 ms, found 3 plugins.
Preloading 0 native plugins for Editor in 0.00 ms.
Mono: successfully reloaded assembly
- Completed reload, in  1.004 seconds
Domain Reload Profiling:
	ReloadAssembly (1004ms)
		BeginReloadAssembly (145ms)
			ExecutionOrderSort (0ms)
			DisableScriptedObjects (7ms)
			BackupInstance (0ms)
			ReleaseScriptingObjects (0ms)
			CreateAndSetChildDomain (34ms)
		EndReloadAssembly (775ms)
			LoadAssemblies (85ms)
			RebuildTransferFunctionScriptingTraits (0ms)
			SetupTypeCache (202ms)
			ReleaseScriptCaches (1ms)
			RebuildScriptCaches (45ms)
			SetupLoadedEditorAssemblies (402ms)
				LogAssemblyErrors (0ms)
				InitializePlatformSupportModulesInManaged (11ms)
				SetLoadedEditorAssemblies (0ms)
				RefreshPlugins (1ms)
				BeforeProcessingInitializeOnLoad (50ms)
				ProcessInitializeOnLoadAttributes (307ms)
				ProcessInitializeOnLoadMethodAttributes (30ms)
				AfterProcessingInitializeOnLoad (3ms)
				EditorAssembliesLoaded (0ms)
			ExecutionOrderSort2 (0ms)
			AwakeInstancesAfterBackupRestoration (13ms)
Platform modules already initialized, skipping
Refreshing native plugins compatible for Editor in 0.60 ms, found 3 plugins.
Preloading 0 native plugins for Editor in 0.00 ms.
Unloading 2297 Unused Serialized files (Serialized files now loaded: 0)
Unloading 22 unused Assets / (24.8 KB). Loaded Objects now: 2806.
Memory consumption went from 108.9 MB to 108.8 MB.
Total: 2.762900 ms (FindLiveObjects: 0.206500 ms CreateObjectMapping: 0.129400 ms MarkObjects: 2.411400 ms  DeleteObjects: 0.014800 ms)

AssetImportParameters requested are different than current active one (requested -> active):
  custom:video-decoder-ogg-theora: a1e56fd34408186e4bbccfd4996cb3dc -> 
  custom:container-muxer-webm: aa71ff27fc2769a1b78a27578f13a17b -> 
  custom:container-demuxer-webm: 4f35f7cbe854078d1ac9338744f61a02 -> 
  custom:video-encoder-webm-vp8: eb34c28f22e8b96e1ab97ce403110664 -> 
  custom:video-codec-MediaFoundation-h265: 746d11721c4dcdbdad8f713fa42b33f4 -> 
  custom:audio-encoder-webm-vorbis: bf7c407c2cedff20999df2af8eb42d56 -> 
  custom:framework-win-MediaFoundation: 216162199b28c13a410421893ffa2e32 -> 
  custom:container-demuxer-ogg: 62fdf1f143b41e24485cea50d1cbac27 -> 
  custom:video-decoder-webm-vp8: 9c59270c3fd7afecdb556c50c9e8de78 -> 
  custom:audio-decoder-ogg-vorbis: bf7c407c2cedff20999df2af8eb42d56 -> 
========================================================================
Received Prepare
Registering precompiled user dll's ...
Registered in 0.004409 seconds.
Begin MonoManager ReloadAssembly
Native extension for WindowsStandalone target not found
Refreshing native plugins compatible for Editor in 0.49 ms, found 3 plugins.
Preloading 0 native plugins for Editor in 0.00 ms.
Mono: successfully reloaded assembly
- Completed reload, in  0.988 seconds
Domain Reload Profiling:
	ReloadAssembly (989ms)
		BeginReloadAssembly (131ms)
			ExecutionOrderSort (0ms)
			DisableScriptedObjects (9ms)
			BackupInstance (0ms)
			ReleaseScriptingObjects (0ms)
			CreateAndSetChildDomain (32ms)
		EndReloadAssembly (761ms)
			LoadAssemblies (86ms)
			RebuildTransferFunctionScriptingTraits (0ms)
			SetupTypeCache (182ms)
			ReleaseScriptCaches (1ms)
			RebuildScriptCaches (47ms)
			SetupLoadedEditorAssemblies (404ms)
				LogAssemblyErrors (0ms)
				InitializePlatformSupportModulesInManaged (11ms)
				SetLoadedEditorAssemblies (1ms)
				RefreshPlugins (1ms)
				BeforeProcessingInitializeOnLoad (53ms)
				ProcessInitializeOnLoadAttributes (305ms)
				ProcessInitializeOnLoadMethodAttributes (31ms)
				AfterProcessingInitializeOnLoad (3ms)
				EditorAssembliesLoaded (0ms)
			ExecutionOrderSort2 (0ms)
			AwakeInstancesAfterBackupRestoration (13ms)
Platform modules already initialized, skipping
Refreshing native plugins compatible for Editor in 0.58 ms, found 3 plugins.
Preloading 0 native plugins for Editor in 0.00 ms.
Unloading 2296 Unused Serialized files (Serialized files now loaded: 0)
Unloading 22 unused Assets / (24.6 KB). Loaded Objects now: 2808.
Memory consumption went from 108.8 MB to 108.8 MB.
Total: 3.247300 ms (FindLiveObjects: 0.260700 ms CreateObjectMapping: 0.332300 ms MarkObjects: 2.635700 ms  DeleteObjects: 0.017500 ms)

AssetImportParameters requested are different than current active one (requested -> active):
  custom:video-decoder-ogg-theora: a1e56fd34408186e4bbccfd4996cb3dc -> 
  custom:container-muxer-webm: aa71ff27fc2769a1b78a27578f13a17b -> 
  custom:container-demuxer-webm: 4f35f7cbe854078d1ac9338744f61a02 -> 
  custom:video-encoder-webm-vp8: eb34c28f22e8b96e1ab97ce403110664 -> 
  custom:video-codec-MediaFoundation-h265: 746d11721c4dcdbdad8f713fa42b33f4 -> 
  custom:audio-encoder-webm-vorbis: bf7c407c2cedff20999df2af8eb42d56 -> 
  custom:framework-win-MediaFoundation: 216162199b28c13a410421893ffa2e32 -> 
  custom:container-demuxer-ogg: 62fdf1f143b41e24485cea50d1cbac27 -> 
  custom:video-decoder-webm-vp8: 9c59270c3fd7afecdb556c50c9e8de78 -> 
  custom:audio-decoder-ogg-vorbis: bf7c407c2cedff20999df2af8eb42d56 -> 
========================================================================
Received Import Request.
  Time since last request: 184.230180 seconds.
  path: Assets/Sprites/Character/attack_from_air.png
  artifactKey: Guid(12029abfe5d7669499c3078af7184d0c) Importer(815301076,1909f56bfc062723c751e8b465ee728b)
Start importing Assets/Sprites/Character/attack_from_air.png using Guid(12029abfe5d7669499c3078af7184d0c) Importer(815301076,1909f56bfc062723c751e8b465ee728b)  -> (artifact id: 'bbbb664053106bf07ce6e54291cf3ac4') in 0.078320 seconds 
========================================================================
Received Import Request.
  Time since last request: 8.737426 seconds.
  path: Assets/Sprites/Character/Attacks.png
  artifactKey: Guid(199554480e2f0ba4386453b8ed659c4c) Importer(815301076,1909f56bfc062723c751e8b465ee728b)
Start importing Assets/Sprites/Character/Attacks.png using Guid(199554480e2f0ba4386453b8ed659c4c) Importer(815301076,1909f56bfc062723c751e8b465ee728b)  -> (artifact id: 'c8e60a58c8825735c63b384fd05aaa54') in 0.129446 seconds 
========================================================================
Received Import Request.
  Time since last request: 7.124642 seconds.
  path: Assets/Sprites/Character/Climb.png
  artifactKey: Guid(690a9a0d55a0d1f4abd0cb58a34a1934) Importer(815301076,1909f56bfc062723c751e8b465ee728b)
Start importing Assets/Sprites/Character/Climb.png using Guid(690a9a0d55a0d1f4abd0cb58a34a1934) Importer(815301076,1909f56bfc062723c751e8b465ee728b)  -> (artifact id: 'faf09dca8eba1a7ea4859a477ce29dc0') in 0.032374 seconds 
========================================================================
Received Import Request.
  Time since last request: 11.134054 seconds.
  path: Assets/Sprites/Character/crouch_idle.png
  artifactKey: Guid(4e0d6b69a81a45c45868259b0eeeff82) Importer(815301076,1909f56bfc062723c751e8b465ee728b)
Start importing Assets/Sprites/Character/crouch_idle.png using Guid(4e0d6b69a81a45c45868259b0eeeff82) Importer(815301076,1909f56bfc062723c751e8b465ee728b)  -> (artifact id: 'a773805257ad432252c8af2bf9e049a3') in 0.051119 seconds 
========================================================================
Received Import Request.
  Time since last request: 6.095537 seconds.
  path: Assets/Sprites/Character/Death.png
  artifactKey: Guid(d9a61bf7503832d419dc952fe9935a5b) Importer(815301076,1909f56bfc062723c751e8b465ee728b)
Start importing Assets/Sprites/Character/Death.png using Guid(d9a61bf7503832d419dc952fe9935a5b) Importer(815301076,1909f56bfc062723c751e8b465ee728b)  -> (artifact id: 'fc2e399adec5bec29ecaa9bf794fa6f5') in 0.021725 seconds 
========================================================================
Received Import Request.
  Time since last request: 4.791285 seconds.
  path: Assets/Sprites/Character/Hanging.png
  artifactKey: Guid(0fd27ccf73f339f409b92252caab0ecc) Importer(815301076,1909f56bfc062723c751e8b465ee728b)
Start importing Assets/Sprites/Character/Hanging.png using Guid(0fd27ccf73f339f409b92252caab0ecc) Importer(815301076,1909f56bfc062723c751e8b465ee728b)  -> (artifact id: '1410b1230f1f118208bd06697b7b36e7') in 0.048078 seconds 
========================================================================
Received Import Request.
  Time since last request: 6.356838 seconds.
  path: Assets/Sprites/Character/Health.png
  artifactKey: Guid(8d19ed5a34ff9c14faef0865348d2b4d) Importer(815301076,1909f56bfc062723c751e8b465ee728b)
Start importing Assets/Sprites/Character/Health.png using Guid(8d19ed5a34ff9c14faef0865348d2b4d) Importer(815301076,1909f56bfc062723c751e8b465ee728b)  -> (artifact id: '34a737d5b7668003d3bcfd34a03a0c37') in 0.052101 seconds 
========================================================================
Received Import Request.
  Time since last request: 6.436867 seconds.
  path: Assets/Sprites/Character/Hurt.png
  artifactKey: Guid(8c9f707fc34e8164e959d4541c39fac1) Importer(815301076,1909f56bfc062723c751e8b465ee728b)
Start importing Assets/Sprites/Character/Hurt.png using Guid(8c9f707fc34e8164e959d4541c39fac1) Importer(815301076,1909f56bfc062723c751e8b465ee728b)  -> (artifact id: 'fc8ef8d88810d6f449d3de70113cc1e2') in 0.025488 seconds 
========================================================================
Received Import Request.
  Time since last request: 4.765110 seconds.
  path: Assets/Sprites/Character/Idle.png
  artifactKey: Guid(6785c3ff10c5b5f439a7f9c53c8ea9ac) Importer(815301076,1909f56bfc062723c751e8b465ee728b)
Start importing Assets/Sprites/Character/Idle.png using Guid(6785c3ff10c5b5f439a7f9c53c8ea9ac) Importer(815301076,1909f56bfc062723c751e8b465ee728b)  -> (artifact id: 'db7ad5398001e71a9b253f0080bfec46') in 0.050591 seconds 
========================================================================
Received Import Request.
  Time since last request: 11.108947 seconds.
  path: Assets/Sprites/Character/Jump.png
  artifactKey: Guid(53174285666e17d43ba52cf28cd30117) Importer(815301076,1909f56bfc062723c751e8b465ee728b)
Start importing Assets/Sprites/Character/Jump.png using Guid(53174285666e17d43ba52cf28cd30117) Importer(815301076,1909f56bfc062723c751e8b465ee728b)  -> (artifact id: 'c190ca236dd8cd87ed094a2893c4aa54') in 0.046183 seconds 
========================================================================
Received Import Request.
  Time since last request: 7.708461 seconds.
  path: Assets/Sprites/Character/Pray.png
  artifactKey: Guid(b7d9c7674ee847f478aaf26ca8c046f9) Importer(815301076,1909f56bfc062723c751e8b465ee728b)
Start importing Assets/Sprites/Character/Pray.png using Guid(b7d9c7674ee847f478aaf26ca8c046f9) Importer(815301076,1909f56bfc062723c751e8b465ee728b)  -> (artifact id: '14365e5d37e9e7ef3efe8af17187e2ad') in 0.055353 seconds 
========================================================================
Received Import Request.
  Time since last request: 5.490055 seconds.
  path: Assets/Sprites/Character/Roll.png
  artifactKey: Guid(9aad74dc1df22db45b7bcac64da9badf) Importer(815301076,1909f56bfc062723c751e8b465ee728b)
Start importing Assets/Sprites/Character/Roll.png using Guid(9aad74dc1df22db45b7bcac64da9badf) Importer(815301076,1909f56bfc062723c751e8b465ee728b)  -> (artifact id: 'bcbd851f6253929c9584aac0ea9d54e5') in 0.017033 seconds 
========================================================================
Received Import Request.
  Time since last request: 4.379115 seconds.
  path: Assets/Sprites/Character/Run.png
  artifactKey: Guid(2e82094021859254fba6faf90a033bae) Importer(815301076,1909f56bfc062723c751e8b465ee728b)
Start importing Assets/Sprites/Character/Run.png using Guid(2e82094021859254fba6faf90a033bae) Importer(815301076,1909f56bfc062723c751e8b465ee728b)  -> (artifact id: 'b74a0a5b68c7c6e2daff749a5969f4f6') in 0.049513 seconds 
========================================================================
Received Import Request.
  Time since last request: 4.588753 seconds.
  path: Assets/Sprites/Character/Slide.png
  artifactKey: Guid(8e6c4d2c90c746741ace60065e636a7d) Importer(815301076,1909f56bfc062723c751e8b465ee728b)
Start importing Assets/Sprites/Character/Slide.png using Guid(8e6c4d2c90c746741ace60065e636a7d) Importer(815301076,1909f56bfc062723c751e8b465ee728b)  -> (artifact id: '7006ab2654044bc4ec36a47f16575966') in 0.051022 seconds 
========================================================================
Received Import Request.
  Time since last request: 204.188219 seconds.
  path: Assets/Sprites/Character/Anims
  artifactKey: Guid(86ecfd9ef1f6f6445a00bdcdbd51c929) Importer(815301076,1909f56bfc062723c751e8b465ee728b)
Start importing Assets/Sprites/Character/Anims using Guid(86ecfd9ef1f6f6445a00bdcdbd51c929) Importer(815301076,1909f56bfc062723c751e8b465ee728b)  -> (artifact id: '8d5fcf5889248b3e4d36a95845073e69') in 0.001467 seconds 
========================================================================
Received Import Request.
  Time since last request: 2.733700 seconds.
  path: Assets/Sprites/Character/Anims/Attacks_10.controller
  artifactKey: Guid(1f4b57a92f4b5df479045dd8fa98dcd6) Importer(815301076,1909f56bfc062723c751e8b465ee728b)
Start importing Assets/Sprites/Character/Anims/Attacks_10.controller using Guid(1f4b57a92f4b5df479045dd8fa98dcd6) Importer(815301076,1909f56bfc062723c751e8b465ee728b)  -> (artifact id: '14f6db4ce8f58d111fa80e0dd93aa0c2') in 0.004437 seconds 
========================================================================
Received Import Request.
  Time since last request: 6.206766 seconds.
  path: Assets/Sprites/Character/Anims/crouch_attacks_0 1.controller
  artifactKey: Guid(27155a8c670e1aa469e6c09084ef1361) Importer(815301076,1909f56bfc062723c751e8b465ee728b)
Start importing Assets/Sprites/Character/Anims/crouch_attacks_0 1.controller using Guid(27155a8c670e1aa469e6c09084ef1361) Importer(815301076,1909f56bfc062723c751e8b465ee728b)  -> (artifact id: '974213a282690b5f805c76eb20a0afc9') in 0.002035 seconds 
========================================================================
Received Prepare
Registering precompiled user dll's ...
Registered in 0.004400 seconds.
Begin MonoManager ReloadAssembly
Native extension for WindowsStandalone target not found
Refreshing native plugins compatible for Editor in 0.50 ms, found 3 plugins.
Preloading 0 native plugins for Editor in 0.00 ms.
Mono: successfully reloaded assembly
- Completed reload, in  1.009 seconds
Domain Reload Profiling:
	ReloadAssembly (1009ms)
		BeginReloadAssembly (139ms)
			ExecutionOrderSort (0ms)
			DisableScriptedObjects (7ms)
			BackupInstance (0ms)
			ReleaseScriptingObjects (0ms)
			CreateAndSetChildDomain (34ms)
		EndReloadAssembly (764ms)
			LoadAssemblies (78ms)
			RebuildTransferFunctionScriptingTraits (0ms)
			SetupTypeCache (195ms)
			ReleaseScriptCaches (1ms)
			RebuildScriptCaches (42ms)
			SetupLoadedEditorAssemblies (398ms)
				LogAssemblyErrors (0ms)
				InitializePlatformSupportModulesInManaged (11ms)
				SetLoadedEditorAssemblies (0ms)
				RefreshPlugins (1ms)
				BeforeProcessingInitializeOnLoad (52ms)
				ProcessInitializeOnLoadAttributes (301ms)
				ProcessInitializeOnLoadMethodAttributes (30ms)
				AfterProcessingInitializeOnLoad (3ms)
				EditorAssembliesLoaded (0ms)
			ExecutionOrderSort2 (0ms)
			AwakeInstancesAfterBackupRestoration (17ms)
Platform modules already initialized, skipping
Refreshing native plugins compatible for Editor in 0.51 ms, found 3 plugins.
Preloading 0 native plugins for Editor in 0.00 ms.
Unloading 2310 Unused Serialized files (Serialized files now loaded: 0)
Unloading 22 unused Assets / (29.9 KB). Loaded Objects now: 3023.
Memory consumption went from 116.1 MB to 116.1 MB.
Total: 3.065000 ms (FindLiveObjects: 0.355300 ms CreateObjectMapping: 0.189400 ms MarkObjects: 2.502300 ms  DeleteObjects: 0.017100 ms)

AssetImportParameters requested are different than current active one (requested -> active):
  custom:video-decoder-ogg-theora: a1e56fd34408186e4bbccfd4996cb3dc -> 
  custom:container-muxer-webm: aa71ff27fc2769a1b78a27578f13a17b -> 
  custom:container-demuxer-webm: 4f35f7cbe854078d1ac9338744f61a02 -> 
  custom:video-encoder-webm-vp8: eb34c28f22e8b96e1ab97ce403110664 -> 
  custom:video-codec-MediaFoundation-h265: 746d11721c4dcdbdad8f713fa42b33f4 -> 
  custom:audio-encoder-webm-vorbis: bf7c407c2cedff20999df2af8eb42d56 -> 
  custom:framework-win-MediaFoundation: 216162199b28c13a410421893ffa2e32 -> 
  custom:container-demuxer-ogg: 62fdf1f143b41e24485cea50d1cbac27 -> 
  custom:video-decoder-webm-vp8: 9c59270c3fd7afecdb556c50c9e8de78 -> 
  custom:audio-decoder-ogg-vorbis: bf7c407c2cedff20999df2af8eb42d56 -> 
========================================================================
Received Import Request.
  Time since last request: 85.499892 seconds.
  path: Assets/Sprites/Character/Anims/Attack_0.anim
  artifactKey: Guid(45066ea6044a9494b8b157fa98689392) Importer(815301076,1909f56bfc062723c751e8b465ee728b)
Start importing Assets/Sprites/Character/Anims/Attack_0.anim using Guid(45066ea6044a9494b8b157fa98689392) Importer(815301076,1909f56bfc062723c751e8b465ee728b)  -> (artifact id: '3ae557877a8af3d4f156854fda347d0b') in 0.012687 seconds 
