Using pre-set license
Built from '2021.2/staging' branch; Version is '2021.2.7f1 (6bd9e232123f) revision 7068130'; Using compiler version '192829333'; Build Type 'Release'
OS: 'Windows 10  (10.0.19043) 64bit Core' Language: 'fr' Physical Memory: 16158 MB
BatchMode: 1, IsHumanControllingUs: 0, StartBugReporterOnCrash: 0, Is64bit: 1, IsPro: 0

COMMAND LINE ARGUMENTS:
D:\Programme\Unity\2021.2.7f1\Editor\Unity.exe
-adb2
-batchMode
-noUpm
-name
AssetImportWorker13
-projectPath
D:/Projet/TimeOver/TimeOver.Unity
-logFile
Logs/AssetImportWorker13.log
-srvPort
63544
Successfully changed project path to: D:/Projet/TimeOver/TimeOver.Unity
D:/Projet/TimeOver/TimeOver.Unity
[UnityMemory] Configuration Parameters - Can be set up in boot.config
    "memorysetup-bucket-allocator-granularity=16"
    "memorysetup-bucket-allocator-bucket-count=8"
    "memorysetup-bucket-allocator-block-size=33554432"
    "memorysetup-bucket-allocator-block-count=8"
    "memorysetup-main-allocator-block-size=16777216"
    "memorysetup-thread-allocator-block-size=16777216"
    "memorysetup-gfx-main-allocator-block-size=16777216"
    "memorysetup-gfx-thread-allocator-block-size=16777216"
    "memorysetup-cache-allocator-block-size=4194304"
    "memorysetup-typetree-allocator-block-size=2097152"
    "memorysetup-profiler-bucket-allocator-granularity=16"
    "memorysetup-profiler-bucket-allocator-bucket-count=8"
    "memorysetup-profiler-bucket-allocator-block-size=33554432"
    "memorysetup-profiler-bucket-allocator-block-count=8"
    "memorysetup-profiler-allocator-block-size=16777216"
    "memorysetup-profiler-editor-allocator-block-size=1048576"
    "memorysetup-temp-allocator-size-main=16777216"
    "memorysetup-job-temp-allocator-block-size=2097152"
    "memorysetup-job-temp-allocator-block-size-background=1048576"
    "memorysetup-job-temp-allocator-reduction-small-platforms=262144"
    "memorysetup-temp-allocator-size-background-worker=32768"
    "memorysetup-temp-allocator-size-job-worker=262144"
    "memorysetup-temp-allocator-size-preload-manager=33554432"
    "memorysetup-temp-allocator-size-nav-mesh-worker=65536"
    "memorysetup-temp-allocator-size-audio-worker=65536"
    "memorysetup-temp-allocator-size-cloud-worker=32768"
    "memorysetup-temp-allocator-size-gi-baking-worker=262144"
    "memorysetup-temp-allocator-size-gfx=262144"
Refreshing native plugins compatible for Editor in 64.42 ms, found 3 plugins.
Preloading 0 native plugins for Editor in 0.00 ms.
Initialize engine version: 2021.2.7f1 (6bd9e232123f)
[Subsystems] Discovering subsystems at path D:/Programme/Unity/2021.2.7f1/Editor/Data/Resources/UnitySubsystems
[Subsystems] Discovering subsystems at path D:/Projet/TimeOver/TimeOver.Unity/Assets
GfxDevice: creating device client; threaded=0; jobified=0
Direct3D:
    Version:  Direct3D 11.0 [level 11.1]
    Renderer: NVIDIA GeForce RTX 3060 Laptop GPU (ID=0x2520)
    Vendor:   NVIDIA
    VRAM:     6023 MB
    Driver:   30.0.15.1165
Initialize mono
Mono path[0] = 'D:/Programme/Unity/2021.2.7f1/Editor/Data/Managed'
Mono path[1] = 'D:/Programme/Unity/2021.2.7f1/Editor/Data/MonoBleedingEdge/lib/mono/unityjit-win32'
Mono config path = 'D:/Programme/Unity/2021.2.7f1/Editor/Data/MonoBleedingEdge/etc'
Using monoOptions --debugger-agent=transport=dt_socket,embedding=1,server=y,suspend=n,address=127.0.0.1:56400
Begin MonoManager ReloadAssembly
Registering precompiled unity dll's ...
Register platform support module: D:/Programme/Unity/2021.2.7f1/Editor/Data/PlaybackEngines/WindowsStandaloneSupport/UnityEditor.WindowsStandalone.Extensions.dll
Registered in 0.002709 seconds.
Native extension for WindowsStandalone target not found
Refreshing native plugins compatible for Editor in 53.06 ms, found 3 plugins.
Preloading 0 native plugins for Editor in 0.00 ms.
Mono: successfully reloaded assembly
- Completed reload, in  0.679 seconds
Domain Reload Profiling:
	ReloadAssembly (680ms)
		BeginReloadAssembly (96ms)
			ExecutionOrderSort (0ms)
			DisableScriptedObjects (0ms)
			BackupInstance (0ms)
			ReleaseScriptingObjects (0ms)
			CreateAndSetChildDomain (1ms)
		EndReloadAssembly (502ms)
			LoadAssemblies (95ms)
			RebuildTransferFunctionScriptingTraits (0ms)
			SetupTypeCache (123ms)
			ReleaseScriptCaches (0ms)
			RebuildScriptCaches (33ms)
			SetupLoadedEditorAssemblies (286ms)
				LogAssemblyErrors (0ms)
				InitializePlatformSupportModulesInManaged (15ms)
				SetLoadedEditorAssemblies (0ms)
				RefreshPlugins (53ms)
				BeforeProcessingInitializeOnLoad (1ms)
				ProcessInitializeOnLoadAttributes (165ms)
				ProcessInitializeOnLoadMethodAttributes (51ms)
				AfterProcessingInitializeOnLoad (0ms)
				EditorAssembliesLoaded (0ms)
			ExecutionOrderSort2 (0ms)
			AwakeInstancesAfterBackupRestoration (0ms)
Platform modules already initialized, skipping
Registering precompiled user dll's ...
Registered in 0.005756 seconds.
Begin MonoManager ReloadAssembly
Native extension for WindowsStandalone target not found
Refreshing native plugins compatible for Editor in 51.68 ms, found 3 plugins.
Preloading 0 native plugins for Editor in 0.00 ms.
Mono: successfully reloaded assembly
- Completed reload, in  1.379 seconds
Domain Reload Profiling:
	ReloadAssembly (1380ms)
		BeginReloadAssembly (142ms)
			ExecutionOrderSort (0ms)
			DisableScriptedObjects (6ms)
			BackupInstance (0ms)
			ReleaseScriptingObjects (0ms)
			CreateAndSetChildDomain (23ms)
		EndReloadAssembly (1134ms)
			LoadAssemblies (103ms)
			RebuildTransferFunctionScriptingTraits (0ms)
			SetupTypeCache (246ms)
			ReleaseScriptCaches (0ms)
			RebuildScriptCaches (63ms)
			SetupLoadedEditorAssemblies (689ms)
				LogAssemblyErrors (0ms)
				InitializePlatformSupportModulesInManaged (13ms)
				SetLoadedEditorAssemblies (0ms)
				RefreshPlugins (52ms)
				BeforeProcessingInitializeOnLoad (70ms)
				ProcessInitializeOnLoadAttributes (505ms)
				ProcessInitializeOnLoadMethodAttributes (45ms)
				AfterProcessingInitializeOnLoad (4ms)
				EditorAssembliesLoaded (0ms)
			ExecutionOrderSort2 (0ms)
			AwakeInstancesAfterBackupRestoration (6ms)
Platform modules already initialized, skipping
========================================================================
Worker process is ready to serve import requests
Launched and connected shader compiler UnityShaderCompiler.exe after 0.04 seconds
Refreshing native plugins compatible for Editor in 0.85 ms, found 3 plugins.
Preloading 0 native plugins for Editor in 0.00 ms.
Unloading 2307 Unused Serialized files (Serialized files now loaded: 0)
Unloading 33 unused Assets / (55.7 KB). Loaded Objects now: 2767.
Memory consumption went from 107.0 MB to 107.0 MB.
Total: 4.081500 ms (FindLiveObjects: 0.332700 ms CreateObjectMapping: 0.230300 ms MarkObjects: 3.438600 ms  DeleteObjects: 0.078600 ms)

AssetImportParameters requested are different than current active one (requested -> active):
  custom:video-decoder-ogg-theora: a1e56fd34408186e4bbccfd4996cb3dc -> 
  custom:container-muxer-webm: aa71ff27fc2769a1b78a27578f13a17b -> 
  custom:container-demuxer-webm: 4f35f7cbe854078d1ac9338744f61a02 -> 
  custom:video-encoder-webm-vp8: eb34c28f22e8b96e1ab97ce403110664 -> 
  custom:video-codec-MediaFoundation-h265: 746d11721c4dcdbdad8f713fa42b33f4 -> 
  custom:audio-encoder-webm-vorbis: bf7c407c2cedff20999df2af8eb42d56 -> 
  custom:framework-win-MediaFoundation: 216162199b28c13a410421893ffa2e32 -> 
  custom:container-demuxer-ogg: 62fdf1f143b41e24485cea50d1cbac27 -> 
  custom:video-decoder-webm-vp8: 9c59270c3fd7afecdb556c50c9e8de78 -> 
  custom:audio-decoder-ogg-vorbis: bf7c407c2cedff20999df2af8eb42d56 -> 
========================================================================
Received Import Request.
  Time since last request: 186874.173696 seconds.
  path: Assets/Sprites/Tilesets/Dark/Tiles/1. second layer_420.asset
  artifactKey: Guid(545ff3eab79b8a64db6a0f95bd597825) Importer(815301076,1909f56bfc062723c751e8b465ee728b)
Start importing Assets/Sprites/Tilesets/Dark/Tiles/1. second layer_420.asset using Guid(545ff3eab79b8a64db6a0f95bd597825) Importer(815301076,1909f56bfc062723c751e8b465ee728b)  -> (artifact id: '77d060c72ab12ba14a216810a4dc9209') in 0.063045 seconds 
========================================================================
Received Import Request.
  Time since last request: 0.000015 seconds.
  path: Assets/Sprites/Tilesets/Dark/Tiles/1. main platforms_316.asset
  artifactKey: Guid(ccb929212ae0d0c4c91d7c6781550ea3) Importer(815301076,1909f56bfc062723c751e8b465ee728b)
Start importing Assets/Sprites/Tilesets/Dark/Tiles/1. main platforms_316.asset using Guid(ccb929212ae0d0c4c91d7c6781550ea3) Importer(815301076,1909f56bfc062723c751e8b465ee728b)  -> (artifact id: 'e6908adc7a01d61a776e8f36e0ba798f') in 0.006871 seconds 
========================================================================
Received Import Request.
  Time since last request: 0.000025 seconds.
  path: Assets/Sprites/Tilesets/Dark/Tiles/1. second layer_99.asset
  artifactKey: Guid(806cd46f6ddc9db428df41a4a3f376f0) Importer(815301076,1909f56bfc062723c751e8b465ee728b)
Start importing Assets/Sprites/Tilesets/Dark/Tiles/1. second layer_99.asset using Guid(806cd46f6ddc9db428df41a4a3f376f0) Importer(815301076,1909f56bfc062723c751e8b465ee728b)  -> (artifact id: '8cdaf8740a2ae26696f340f777f74c9e') in 0.007129 seconds 
========================================================================
Received Import Request.
  Time since last request: 0.000016 seconds.
  path: Assets/Sprites/Tilesets/Dark/Tiles/1. main platforms_264.asset
  artifactKey: Guid(36cf455195a62044cb4aaf69c79c2a7d) Importer(815301076,1909f56bfc062723c751e8b465ee728b)
Start importing Assets/Sprites/Tilesets/Dark/Tiles/1. main platforms_264.asset using Guid(36cf455195a62044cb4aaf69c79c2a7d) Importer(815301076,1909f56bfc062723c751e8b465ee728b)  -> (artifact id: '049435430c12f886b7572164e23eca8b') in 0.006562 seconds 
========================================================================
Received Import Request.
  Time since last request: 0.000024 seconds.
  path: Assets/Sprites/Tilesets/Dark/Tiles/1. main platforms_405.asset
  artifactKey: Guid(fc7bf1a4aa54536458bf354b7fb8f85f) Importer(815301076,1909f56bfc062723c751e8b465ee728b)
Start importing Assets/Sprites/Tilesets/Dark/Tiles/1. main platforms_405.asset using Guid(fc7bf1a4aa54536458bf354b7fb8f85f) Importer(815301076,1909f56bfc062723c751e8b465ee728b)  -> (artifact id: '5e6af066d735cac7be7aa36edb1aec57') in 0.008216 seconds 
========================================================================
Received Import Request.
  Time since last request: 0.000018 seconds.
  path: Assets/Sprites/Tilesets/Dark/Tiles/1. main platforms_383.asset
  artifactKey: Guid(49599d1fca4181e44bd4b8530eb94760) Importer(815301076,1909f56bfc062723c751e8b465ee728b)
Start importing Assets/Sprites/Tilesets/Dark/Tiles/1. main platforms_383.asset using Guid(49599d1fca4181e44bd4b8530eb94760) Importer(815301076,1909f56bfc062723c751e8b465ee728b)  -> (artifact id: '520ba2c50e94e517ac3d4b716b1d0b98') in 0.006474 seconds 
========================================================================
Received Import Request.
  Time since last request: 0.000024 seconds.
  path: Assets/Sprites/Tilesets/Dark/Tiles/1. main platforms_261.asset
  artifactKey: Guid(79fb5b5b4fd92ee4e8428c7725d3cc33) Importer(815301076,1909f56bfc062723c751e8b465ee728b)
Start importing Assets/Sprites/Tilesets/Dark/Tiles/1. main platforms_261.asset using Guid(79fb5b5b4fd92ee4e8428c7725d3cc33) Importer(815301076,1909f56bfc062723c751e8b465ee728b)  -> (artifact id: '13869cbd1863d781b93dd16d600e8f36') in 0.009242 seconds 
========================================================================
Received Import Request.
  Time since last request: 0.000016 seconds.
  path: Assets/Sprites/Tilesets/Dark/Tiles/1. second layer_137.asset
  artifactKey: Guid(c6bae7a8b75c35848ab7bb4bc67baf58) Importer(815301076,1909f56bfc062723c751e8b465ee728b)
Start importing Assets/Sprites/Tilesets/Dark/Tiles/1. second layer_137.asset using Guid(c6bae7a8b75c35848ab7bb4bc67baf58) Importer(815301076,1909f56bfc062723c751e8b465ee728b)  -> (artifact id: '2f61b659ba1dac2e6d6f53098ba90807') in 0.005843 seconds 
========================================================================
Received Import Request.
  Time since last request: 0.000027 seconds.
  path: Assets/Sprites/Tilesets/Dark/Tiles/1. second layer_181.asset
  artifactKey: Guid(b753db901e9dde641a69a66b9d3608cf) Importer(815301076,1909f56bfc062723c751e8b465ee728b)
Start importing Assets/Sprites/Tilesets/Dark/Tiles/1. second layer_181.asset using Guid(b753db901e9dde641a69a66b9d3608cf) Importer(815301076,1909f56bfc062723c751e8b465ee728b)  -> (artifact id: 'a16580e1cad49fca5646d5b08b26ebbc') in 0.007171 seconds 
========================================================================
Received Import Request.
  Time since last request: 0.000015 seconds.
  path: Assets/Sprites/Tilesets/Dark/Tiles/1. background layer_481.asset
  artifactKey: Guid(ad71b765148462a4dac8341158cd1ecb) Importer(815301076,1909f56bfc062723c751e8b465ee728b)
Start importing Assets/Sprites/Tilesets/Dark/Tiles/1. background layer_481.asset using Guid(ad71b765148462a4dac8341158cd1ecb) Importer(815301076,1909f56bfc062723c751e8b465ee728b)  -> (artifact id: '2d4934595b9ad57a0c27d40b8f912eb7') in 0.008043 seconds 
========================================================================
Received Import Request.
  Time since last request: 0.000028 seconds.
  path: Assets/Sprites/Tilesets/Dark/Tiles/1. main platforms_279.asset
  artifactKey: Guid(401701c65082698439d02166348f751b) Importer(815301076,1909f56bfc062723c751e8b465ee728b)
Start importing Assets/Sprites/Tilesets/Dark/Tiles/1. main platforms_279.asset using Guid(401701c65082698439d02166348f751b) Importer(815301076,1909f56bfc062723c751e8b465ee728b)  -> (artifact id: '3b5e6cb9495f63f95f19a498ba4cf535') in 0.006080 seconds 
========================================================================
Received Import Request.
  Time since last request: 0.000019 seconds.
  path: Assets/Sprites/Tilesets/Dark/Tiles/1. second layer_442.asset
  artifactKey: Guid(6dd5214a2460e744698892e2b52721b7) Importer(815301076,1909f56bfc062723c751e8b465ee728b)
Start importing Assets/Sprites/Tilesets/Dark/Tiles/1. second layer_442.asset using Guid(6dd5214a2460e744698892e2b52721b7) Importer(815301076,1909f56bfc062723c751e8b465ee728b)  -> (artifact id: 'f2c6d4b45a4e421fb25b1165ff437f66') in 0.008458 seconds 
========================================================================
Received Import Request.
  Time since last request: 0.000013 seconds.
  path: Assets/Sprites/Tilesets/Dark/Tiles/1. main platforms_267.asset
  artifactKey: Guid(ad3d2eea7d9f049478a18e992f8b8897) Importer(815301076,1909f56bfc062723c751e8b465ee728b)
Start importing Assets/Sprites/Tilesets/Dark/Tiles/1. main platforms_267.asset using Guid(ad3d2eea7d9f049478a18e992f8b8897) Importer(815301076,1909f56bfc062723c751e8b465ee728b)  -> (artifact id: 'c717e6b4c668fc5f64e27ecd4d269331') in 0.007141 seconds 
========================================================================
Received Import Request.
  Time since last request: 0.000014 seconds.
  path: Assets/Sprites/Tilesets/Dark/Tiles/1. second layer_277.asset
  artifactKey: Guid(12476333e61e44f4f876a33cbc094aba) Importer(815301076,1909f56bfc062723c751e8b465ee728b)
Start importing Assets/Sprites/Tilesets/Dark/Tiles/1. second layer_277.asset using Guid(12476333e61e44f4f876a33cbc094aba) Importer(815301076,1909f56bfc062723c751e8b465ee728b)  -> (artifact id: 'fe50348f2980687fb4c038c4bc919fb2') in 0.006272 seconds 
========================================================================
Received Import Request.
  Time since last request: 0.000019 seconds.
  path: Assets/Sprites/Tilesets/Dark/Tiles/1. second layer_116.asset
  artifactKey: Guid(e253fcbae6c90fa42af9b58210c1dbf2) Importer(815301076,1909f56bfc062723c751e8b465ee728b)
Start importing Assets/Sprites/Tilesets/Dark/Tiles/1. second layer_116.asset using Guid(e253fcbae6c90fa42af9b58210c1dbf2) Importer(815301076,1909f56bfc062723c751e8b465ee728b)  -> (artifact id: 'bbc5c4d3846dddb5630b2605dbba1d54') in 0.008702 seconds 
========================================================================
Received Import Request.
  Time since last request: 0.000022 seconds.
  path: Assets/Sprites/Tilesets/Dark/Tiles/1. second layer_406.asset
  artifactKey: Guid(1b48dbb3d5d5c2342a787f0cea26452b) Importer(815301076,1909f56bfc062723c751e8b465ee728b)
Start importing Assets/Sprites/Tilesets/Dark/Tiles/1. second layer_406.asset using Guid(1b48dbb3d5d5c2342a787f0cea26452b) Importer(815301076,1909f56bfc062723c751e8b465ee728b)  -> (artifact id: 'cb8b7f21d3b47b7d4a066da098ef8d65') in 0.006761 seconds 
========================================================================
Received Import Request.
  Time since last request: 0.000027 seconds.
  path: Assets/Sprites/Tilesets/Dark/Tiles/1. second layer_129.asset
  artifactKey: Guid(5c1107c8c2e56fd4ba062fd86675b728) Importer(815301076,1909f56bfc062723c751e8b465ee728b)
Start importing Assets/Sprites/Tilesets/Dark/Tiles/1. second layer_129.asset using Guid(5c1107c8c2e56fd4ba062fd86675b728) Importer(815301076,1909f56bfc062723c751e8b465ee728b)  -> (artifact id: '199681145ee415d8ae55f22d0c179815') in 0.007048 seconds 
========================================================================
Received Import Request.
  Time since last request: 0.000023 seconds.
  path: Assets/Sprites/Tilesets/Dark/Tiles/1. second layer_89.asset
  artifactKey: Guid(14214d359d388134d9502e9014c0f14b) Importer(815301076,1909f56bfc062723c751e8b465ee728b)
Start importing Assets/Sprites/Tilesets/Dark/Tiles/1. second layer_89.asset using Guid(14214d359d388134d9502e9014c0f14b) Importer(815301076,1909f56bfc062723c751e8b465ee728b)  -> (artifact id: '6d6b22cca6ce5d3abfd013d2f39b06f5') in 0.006356 seconds 
========================================================================
Received Import Request.
  Time since last request: 0.000014 seconds.
  path: Assets/Sprites/Tilesets/Dark/Tiles/1. second layer_357.asset
  artifactKey: Guid(8ed7d843cafc6ac4b86e236de309dd85) Importer(815301076,1909f56bfc062723c751e8b465ee728b)
Start importing Assets/Sprites/Tilesets/Dark/Tiles/1. second layer_357.asset using Guid(8ed7d843cafc6ac4b86e236de309dd85) Importer(815301076,1909f56bfc062723c751e8b465ee728b)  -> (artifact id: '3f816dad302d2979f7026de7e667789c') in 0.006157 seconds 
========================================================================
Received Import Request.
  Time since last request: 0.000018 seconds.
  path: Assets/Sprites/Tilesets/Dark/Tiles/1. second layer_359.asset
  artifactKey: Guid(f9fae3a64dc2cc246bc4dea2acd0e59c) Importer(815301076,1909f56bfc062723c751e8b465ee728b)
Start importing Assets/Sprites/Tilesets/Dark/Tiles/1. second layer_359.asset using Guid(f9fae3a64dc2cc246bc4dea2acd0e59c) Importer(815301076,1909f56bfc062723c751e8b465ee728b)  -> (artifact id: 'c662989fdef5c87cacd88a50b260e04e') in 0.006505 seconds 
========================================================================
Received Import Request.
  Time since last request: 0.000043 seconds.
  path: Assets/Sprites/Tilesets/Dark/Tiles/1. second layer_443.asset
  artifactKey: Guid(2fc132c1f44ba044fbcb80328551b2bb) Importer(815301076,1909f56bfc062723c751e8b465ee728b)
Start importing Assets/Sprites/Tilesets/Dark/Tiles/1. second layer_443.asset using Guid(2fc132c1f44ba044fbcb80328551b2bb) Importer(815301076,1909f56bfc062723c751e8b465ee728b)  -> (artifact id: '80ef5c30e97070cc61915677e2167135') in 0.007490 seconds 
========================================================================
Received Import Request.
  Time since last request: 0.000028 seconds.
  path: Assets/Sprites/Tilesets/Dark/Tiles/1. background layer_348.asset
  artifactKey: Guid(03d7a5e1859c561498b573792aeecdba) Importer(815301076,1909f56bfc062723c751e8b465ee728b)
Start importing Assets/Sprites/Tilesets/Dark/Tiles/1. background layer_348.asset using Guid(03d7a5e1859c561498b573792aeecdba) Importer(815301076,1909f56bfc062723c751e8b465ee728b)  -> (artifact id: '66417bf118bfe2f6afc636e14eb8dde4') in 0.007196 seconds 
========================================================================
Received Import Request.
  Time since last request: 0.000017 seconds.
  path: Assets/Sprites/Tilesets/Dark/Tiles/1. main platforms_94.asset
  artifactKey: Guid(afbbac431de21ee489a932a0e14240ad) Importer(815301076,1909f56bfc062723c751e8b465ee728b)
Start importing Assets/Sprites/Tilesets/Dark/Tiles/1. main platforms_94.asset using Guid(afbbac431de21ee489a932a0e14240ad) Importer(815301076,1909f56bfc062723c751e8b465ee728b)  -> (artifact id: '05bb44f6af5edf7bb71cf1cef6e9731e') in 0.006949 seconds 
========================================================================
Received Import Request.
  Time since last request: 0.000015 seconds.
  path: Assets/Sprites/Tilesets/Dark/Tiles/1. main platforms_425.asset
  artifactKey: Guid(1b87ea9bf92bf254a9893bcadc08227f) Importer(815301076,1909f56bfc062723c751e8b465ee728b)
Start importing Assets/Sprites/Tilesets/Dark/Tiles/1. main platforms_425.asset using Guid(1b87ea9bf92bf254a9893bcadc08227f) Importer(815301076,1909f56bfc062723c751e8b465ee728b)  -> (artifact id: 'f79ce51e268f90a567bfc0f57b64e852') in 0.007702 seconds 
========================================================================
Received Import Request.
  Time since last request: 0.000017 seconds.
  path: Assets/Sprites/Tilesets/Dark/Tiles/1. main platforms_78.asset
  artifactKey: Guid(4b4d227726f133a44ac57100e21d03a8) Importer(815301076,1909f56bfc062723c751e8b465ee728b)
Start importing Assets/Sprites/Tilesets/Dark/Tiles/1. main platforms_78.asset using Guid(4b4d227726f133a44ac57100e21d03a8) Importer(815301076,1909f56bfc062723c751e8b465ee728b)  -> (artifact id: 'abefbe0c87e3c91273f7da31ff75039f') in 0.006642 seconds 
========================================================================
Received Import Request.
  Time since last request: 0.000020 seconds.
  path: Assets/Sprites/Tilesets/Dark/Tiles/1. second layer_379.asset
  artifactKey: Guid(fa5a151e337e6f041b46e0a93542cc0a) Importer(815301076,1909f56bfc062723c751e8b465ee728b)
Start importing Assets/Sprites/Tilesets/Dark/Tiles/1. second layer_379.asset using Guid(fa5a151e337e6f041b46e0a93542cc0a) Importer(815301076,1909f56bfc062723c751e8b465ee728b)  -> (artifact id: 'c23b22d5544079a63c402d6a2aa389c9') in 0.006485 seconds 
========================================================================
Received Import Request.
  Time since last request: 0.000017 seconds.
  path: Assets/Sprites/Tilesets/Dark/Tiles/1. second layer_466.asset
  artifactKey: Guid(e032eab960b02444b8f152192b9f3457) Importer(815301076,1909f56bfc062723c751e8b465ee728b)
Start importing Assets/Sprites/Tilesets/Dark/Tiles/1. second layer_466.asset using Guid(e032eab960b02444b8f152192b9f3457) Importer(815301076,1909f56bfc062723c751e8b465ee728b)  -> (artifact id: 'a4379abbb8087a16e2a111de07eb9cd1') in 0.006174 seconds 
========================================================================
Received Import Request.
  Time since last request: 0.000020 seconds.
  path: Assets/Sprites/Tilesets/Dark/Tiles/1. main platforms_375.asset
  artifactKey: Guid(8ad16be666e312f4291cbc62d1bb258c) Importer(815301076,1909f56bfc062723c751e8b465ee728b)
Start importing Assets/Sprites/Tilesets/Dark/Tiles/1. main platforms_375.asset using Guid(8ad16be666e312f4291cbc62d1bb258c) Importer(815301076,1909f56bfc062723c751e8b465ee728b)  -> (artifact id: '0130aefdddb4d6b6c36e183b3dc2d0f3') in 0.006179 seconds 
========================================================================
Received Import Request.
  Time since last request: 0.000017 seconds.
  path: Assets/Sprites/Tilesets/Dark/Tiles/1. second layer_266.asset
  artifactKey: Guid(c3a33b5f4e8ec5d4aa253bf149655a31) Importer(815301076,1909f56bfc062723c751e8b465ee728b)
Start importing Assets/Sprites/Tilesets/Dark/Tiles/1. second layer_266.asset using Guid(c3a33b5f4e8ec5d4aa253bf149655a31) Importer(815301076,1909f56bfc062723c751e8b465ee728b)  -> (artifact id: '2ce51db5b63dd92689843df0429c5042') in 0.007967 seconds 
========================================================================
Received Import Request.
  Time since last request: 0.000024 seconds.
  path: Assets/Sprites/Tilesets/Dark/Tiles/1. main platforms_19.asset
  artifactKey: Guid(261972158c728c54ca160da04aa0d39f) Importer(815301076,1909f56bfc062723c751e8b465ee728b)
Start importing Assets/Sprites/Tilesets/Dark/Tiles/1. main platforms_19.asset using Guid(261972158c728c54ca160da04aa0d39f) Importer(815301076,1909f56bfc062723c751e8b465ee728b)  -> (artifact id: 'b35eba5bf2f000559b9966e8168c6020') in 0.005959 seconds 
========================================================================
Received Import Request.
  Time since last request: 0.000034 seconds.
  path: Assets/Sprites/Tilesets/Dark/Tiles/1. second layer_361.asset
  artifactKey: Guid(baa30058dc9a8af4c81eb77bdffe93d9) Importer(815301076,1909f56bfc062723c751e8b465ee728b)
Start importing Assets/Sprites/Tilesets/Dark/Tiles/1. second layer_361.asset using Guid(baa30058dc9a8af4c81eb77bdffe93d9) Importer(815301076,1909f56bfc062723c751e8b465ee728b)  -> (artifact id: 'ad539ae60a618cd4e84020d52c2f4563') in 0.006786 seconds 
========================================================================
Received Import Request.
  Time since last request: 0.000032 seconds.
  path: Assets/Sprites/Tilesets/Dark/Tiles/1. main platforms_339.asset
  artifactKey: Guid(1611e04154aebb041a163d52e4423614) Importer(815301076,1909f56bfc062723c751e8b465ee728b)
Start importing Assets/Sprites/Tilesets/Dark/Tiles/1. main platforms_339.asset using Guid(1611e04154aebb041a163d52e4423614) Importer(815301076,1909f56bfc062723c751e8b465ee728b)  -> (artifact id: 'ef888452e62e2508773669da27277f57') in 0.006361 seconds 
========================================================================
Received Import Request.
  Time since last request: 0.000027 seconds.
  path: Assets/Sprites/Tilesets/Dark/Tiles/1. second layer_136.asset
  artifactKey: Guid(8b9538d71193d8b49abe88b2631156dc) Importer(815301076,1909f56bfc062723c751e8b465ee728b)
Start importing Assets/Sprites/Tilesets/Dark/Tiles/1. second layer_136.asset using Guid(8b9538d71193d8b49abe88b2631156dc) Importer(815301076,1909f56bfc062723c751e8b465ee728b)  -> (artifact id: '8ecf16c00f3c85691f55171738e02fe0') in 0.005983 seconds 
========================================================================
Received Import Request.
  Time since last request: 0.000025 seconds.
  path: Assets/Sprites/Tilesets/Dark/Tiles/1. main platforms_280.asset
  artifactKey: Guid(0dcae13cce3fdbf46b0c58eaba712b77) Importer(815301076,1909f56bfc062723c751e8b465ee728b)
Start importing Assets/Sprites/Tilesets/Dark/Tiles/1. main platforms_280.asset using Guid(0dcae13cce3fdbf46b0c58eaba712b77) Importer(815301076,1909f56bfc062723c751e8b465ee728b)  -> (artifact id: 'd760b9c4cab9e18dee39fa7b9b55111a') in 0.007688 seconds 
========================================================================
Received Import Request.
  Time since last request: 0.000036 seconds.
  path: Assets/Sprites/Tilesets/Dark/Tiles/1. second layer_447.asset
  artifactKey: Guid(99828275574d61e45896ab2d0ca38ec4) Importer(815301076,1909f56bfc062723c751e8b465ee728b)
Start importing Assets/Sprites/Tilesets/Dark/Tiles/1. second layer_447.asset using Guid(99828275574d61e45896ab2d0ca38ec4) Importer(815301076,1909f56bfc062723c751e8b465ee728b)  -> (artifact id: 'ad2853eadd05e102efa97ba526036dab') in 0.006946 seconds 
========================================================================
Received Import Request.
  Time since last request: 0.000031 seconds.
  path: Assets/Sprites/Tilesets/Dark/Tiles/1. main platforms_282.asset
  artifactKey: Guid(1eebfcbf0ac07ea47969e8de8f8b7aae) Importer(815301076,1909f56bfc062723c751e8b465ee728b)
Start importing Assets/Sprites/Tilesets/Dark/Tiles/1. main platforms_282.asset using Guid(1eebfcbf0ac07ea47969e8de8f8b7aae) Importer(815301076,1909f56bfc062723c751e8b465ee728b)  -> (artifact id: 'ba5dde59cefa5a290bdaf00dc9d77925') in 0.005745 seconds 
========================================================================
Received Import Request.
  Time since last request: 0.000017 seconds.
  path: Assets/Sprites/Tilesets/Dark/Tiles/1. second layer_10.asset
  artifactKey: Guid(5d043456f87f5c648b60519bca020292) Importer(815301076,1909f56bfc062723c751e8b465ee728b)
Start importing Assets/Sprites/Tilesets/Dark/Tiles/1. second layer_10.asset using Guid(5d043456f87f5c648b60519bca020292) Importer(815301076,1909f56bfc062723c751e8b465ee728b)  -> (artifact id: '22513bcfcd8c254f840b94b6d14fa7fe') in 0.006000 seconds 
========================================================================
Received Import Request.
  Time since last request: 0.000033 seconds.
  path: Assets/Sprites/Tilesets/Dark/Tiles/1. background layer_398.asset
  artifactKey: Guid(8bfbd34300425e5439f834baab9bdcad) Importer(815301076,1909f56bfc062723c751e8b465ee728b)
Start importing Assets/Sprites/Tilesets/Dark/Tiles/1. background layer_398.asset using Guid(8bfbd34300425e5439f834baab9bdcad) Importer(815301076,1909f56bfc062723c751e8b465ee728b)  -> (artifact id: '53ef8ccf196f4971265a9b7fb099eb75') in 0.007417 seconds 
========================================================================
Received Import Request.
  Time since last request: 0.000021 seconds.
  path: Assets/Sprites/Tilesets/Dark/Tiles/1. main platforms_359.asset
  artifactKey: Guid(d63c2d07cb8366e438e76f9a6789139f) Importer(815301076,1909f56bfc062723c751e8b465ee728b)
Start importing Assets/Sprites/Tilesets/Dark/Tiles/1. main platforms_359.asset using Guid(d63c2d07cb8366e438e76f9a6789139f) Importer(815301076,1909f56bfc062723c751e8b465ee728b)  -> (artifact id: 'b059609066d281aa8371fb05efda1f61') in 0.005849 seconds 
========================================================================
Received Import Request.
  Time since last request: 0.000031 seconds.
  path: Assets/Sprites/Tilesets/Dark/Tiles/1. second layer_81.asset
  artifactKey: Guid(be509ca362818ad44baabb6bdd8d7d09) Importer(815301076,1909f56bfc062723c751e8b465ee728b)
Start importing Assets/Sprites/Tilesets/Dark/Tiles/1. second layer_81.asset using Guid(be509ca362818ad44baabb6bdd8d7d09) Importer(815301076,1909f56bfc062723c751e8b465ee728b)  -> (artifact id: '7fe12506c293d80cbe4ff5427c6f27ef') in 0.005689 seconds 
========================================================================
Received Import Request.
  Time since last request: 0.000040 seconds.
  path: Assets/Sprites/Tilesets/Dark/Tiles/1. second layer_62.asset
  artifactKey: Guid(b1eb5b1d2ee10f041ab618ee6a09e67d) Importer(815301076,1909f56bfc062723c751e8b465ee728b)
Start importing Assets/Sprites/Tilesets/Dark/Tiles/1. second layer_62.asset using Guid(b1eb5b1d2ee10f041ab618ee6a09e67d) Importer(815301076,1909f56bfc062723c751e8b465ee728b)  -> (artifact id: '1d62565be59903011ac802b045887abc') in 0.006889 seconds 
========================================================================
Received Import Request.
  Time since last request: 0.000021 seconds.
  path: Assets/Sprites/Tilesets/Dark/Tiles/1. main platforms_220.asset
  artifactKey: Guid(e4780cee4f12444489d465a1f5109232) Importer(815301076,1909f56bfc062723c751e8b465ee728b)
Start importing Assets/Sprites/Tilesets/Dark/Tiles/1. main platforms_220.asset using Guid(e4780cee4f12444489d465a1f5109232) Importer(815301076,1909f56bfc062723c751e8b465ee728b)  -> (artifact id: '086ff8b660eb5ac88974aae74f24315e') in 0.007059 seconds 
========================================================================
Received Import Request.
  Time since last request: 0.000014 seconds.
  path: Assets/Sprites/Tilesets/Dark/Tiles/1. second layer_168.asset
  artifactKey: Guid(bf30e7b005406f542a356850bdf396f5) Importer(815301076,1909f56bfc062723c751e8b465ee728b)
Start importing Assets/Sprites/Tilesets/Dark/Tiles/1. second layer_168.asset using Guid(bf30e7b005406f542a356850bdf396f5) Importer(815301076,1909f56bfc062723c751e8b465ee728b)  -> (artifact id: '9e800c701932abbd5ed2e35a15d8feb3') in 0.006830 seconds 
========================================================================
Received Import Request.
  Time since last request: 0.000017 seconds.
  path: Assets/Sprites/Tilesets/Dark/Tiles/1. second layer_444.asset
  artifactKey: Guid(9b52f567bbd85024f9adfe3e2a98270b) Importer(815301076,1909f56bfc062723c751e8b465ee728b)
Start importing Assets/Sprites/Tilesets/Dark/Tiles/1. second layer_444.asset using Guid(9b52f567bbd85024f9adfe3e2a98270b) Importer(815301076,1909f56bfc062723c751e8b465ee728b)  -> (artifact id: '4a27c651fd4e4066d4e1232553107201') in 0.006509 seconds 
========================================================================
Received Import Request.
  Time since last request: 0.000015 seconds.
  path: Assets/Sprites/Tilesets/Dark/Tiles/1. second layer_100.asset
  artifactKey: Guid(082e2a32e3230fe429a69717ffaedf95) Importer(815301076,1909f56bfc062723c751e8b465ee728b)
Start importing Assets/Sprites/Tilesets/Dark/Tiles/1. second layer_100.asset using Guid(082e2a32e3230fe429a69717ffaedf95) Importer(815301076,1909f56bfc062723c751e8b465ee728b)  -> (artifact id: 'b3742efd5849d251e10ac8be0c730aef') in 0.006968 seconds 
========================================================================
Received Import Request.
  Time since last request: 0.000018 seconds.
  path: Assets/Sprites/Tilesets/Dark/Tiles/1. main platforms_215.asset
  artifactKey: Guid(00109286a03dd284e883bf4328613de1) Importer(815301076,1909f56bfc062723c751e8b465ee728b)
Start importing Assets/Sprites/Tilesets/Dark/Tiles/1. main platforms_215.asset using Guid(00109286a03dd284e883bf4328613de1) Importer(815301076,1909f56bfc062723c751e8b465ee728b)  -> (artifact id: '02316e6743882681e9e488506d6a81cd') in 0.006682 seconds 
========================================================================
Received Import Request.
  Time since last request: 0.000021 seconds.
  path: Assets/Sprites/Tilesets/Dark/Tiles/1. main platforms_204.asset
  artifactKey: Guid(1b8b8b4f868738b43b36ac71120c2146) Importer(815301076,1909f56bfc062723c751e8b465ee728b)
Start importing Assets/Sprites/Tilesets/Dark/Tiles/1. main platforms_204.asset using Guid(1b8b8b4f868738b43b36ac71120c2146) Importer(815301076,1909f56bfc062723c751e8b465ee728b)  -> (artifact id: '4017b1f487b06780efa75ac65e6af6da') in 0.005589 seconds 
========================================================================
Received Import Request.
  Time since last request: 0.000024 seconds.
  path: Assets/Sprites/Tilesets/Dark/Tiles/1. main platforms_141.asset
  artifactKey: Guid(692588b886904fb468503cb036355111) Importer(815301076,1909f56bfc062723c751e8b465ee728b)
Start importing Assets/Sprites/Tilesets/Dark/Tiles/1. main platforms_141.asset using Guid(692588b886904fb468503cb036355111) Importer(815301076,1909f56bfc062723c751e8b465ee728b)  -> (artifact id: '7b591854f21803d5118aefc255c4a287') in 0.006182 seconds 
========================================================================
Received Import Request.
  Time since last request: 0.000017 seconds.
  path: Assets/Sprites/Tilesets/Dark/Tiles/1. second layer_428.asset
  artifactKey: Guid(d6697dccfdb99044f96f5652f340ae29) Importer(815301076,1909f56bfc062723c751e8b465ee728b)
Start importing Assets/Sprites/Tilesets/Dark/Tiles/1. second layer_428.asset using Guid(d6697dccfdb99044f96f5652f340ae29) Importer(815301076,1909f56bfc062723c751e8b465ee728b)  -> (artifact id: 'c5bd624f46dceb56e2523ed86d47ba97') in 0.005601 seconds 
========================================================================
Received Import Request.
  Time since last request: 0.000019 seconds.
  path: Assets/Sprites/Tilesets/Dark/Tiles/1. second layer_79.asset
  artifactKey: Guid(9db10fb8bd23ac74a8232d96b5b58cc6) Importer(815301076,1909f56bfc062723c751e8b465ee728b)
Start importing Assets/Sprites/Tilesets/Dark/Tiles/1. second layer_79.asset using Guid(9db10fb8bd23ac74a8232d96b5b58cc6) Importer(815301076,1909f56bfc062723c751e8b465ee728b)  -> (artifact id: 'b68ad6211e6427985d75dcbae91e2b96') in 0.005387 seconds 
========================================================================
Received Import Request.
  Time since last request: 0.000025 seconds.
  path: Assets/Sprites/Tilesets/Dark/Tiles/1. main platforms_392.asset
  artifactKey: Guid(ffb6c9eabc0a0d04a87b2548b98ca766) Importer(815301076,1909f56bfc062723c751e8b465ee728b)
Start importing Assets/Sprites/Tilesets/Dark/Tiles/1. main platforms_392.asset using Guid(ffb6c9eabc0a0d04a87b2548b98ca766) Importer(815301076,1909f56bfc062723c751e8b465ee728b)  -> (artifact id: '54634429c8ea1463afe714d6770223f4') in 0.005063 seconds 
========================================================================
Received Import Request.
  Time since last request: 0.000033 seconds.
  path: Assets/Sprites/Tilesets/Dark/Tiles/1. second layer_362.asset
  artifactKey: Guid(9f1e258dc0b314d419343198a9380d41) Importer(815301076,1909f56bfc062723c751e8b465ee728b)
Start importing Assets/Sprites/Tilesets/Dark/Tiles/1. second layer_362.asset using Guid(9f1e258dc0b314d419343198a9380d41) Importer(815301076,1909f56bfc062723c751e8b465ee728b)  -> (artifact id: '10fd505d35d40528b89011ee853a7416') in 0.005691 seconds 
========================================================================
Received Import Request.
  Time since last request: 0.000016 seconds.
  path: Assets/Sprites/Tilesets/Dark/Tiles/1. main platforms_378.asset
  artifactKey: Guid(5505335b389d2df409d97dc505806400) Importer(815301076,1909f56bfc062723c751e8b465ee728b)
Start importing Assets/Sprites/Tilesets/Dark/Tiles/1. main platforms_378.asset using Guid(5505335b389d2df409d97dc505806400) Importer(815301076,1909f56bfc062723c751e8b465ee728b)  -> (artifact id: 'a3a419b2e9fd62047e63919309fbbbe2') in 0.006510 seconds 
========================================================================
Received Import Request.
  Time since last request: 0.000019 seconds.
  path: Assets/Sprites/Tilesets/Dark/Tiles/1. main platforms_400.asset
  artifactKey: Guid(b62d99ab67aef764ab1e3d1b71881215) Importer(815301076,1909f56bfc062723c751e8b465ee728b)
Start importing Assets/Sprites/Tilesets/Dark/Tiles/1. main platforms_400.asset using Guid(b62d99ab67aef764ab1e3d1b71881215) Importer(815301076,1909f56bfc062723c751e8b465ee728b)  -> (artifact id: 'a8a98d447d8ebfead1b48aa4103634e2') in 0.006698 seconds 
========================================================================
Received Import Request.
  Time since last request: 0.000030 seconds.
  path: Assets/Sprites/Tilesets/Dark/Tiles/1. second layer_232.asset
  artifactKey: Guid(8c1c816123de6214d9e9fe66c4175e89) Importer(815301076,1909f56bfc062723c751e8b465ee728b)
Start importing Assets/Sprites/Tilesets/Dark/Tiles/1. second layer_232.asset using Guid(8c1c816123de6214d9e9fe66c4175e89) Importer(815301076,1909f56bfc062723c751e8b465ee728b)  -> (artifact id: '3062fb915efc1bb64382044f282cd6c1') in 0.007899 seconds 
========================================================================
Received Import Request.
  Time since last request: 0.000025 seconds.
  path: Assets/Sprites/Tilesets/Dark/Tiles/1. second layer_43.asset
  artifactKey: Guid(1d78e6e77d32b5044b3168d7a9153e4e) Importer(815301076,1909f56bfc062723c751e8b465ee728b)
Start importing Assets/Sprites/Tilesets/Dark/Tiles/1. second layer_43.asset using Guid(1d78e6e77d32b5044b3168d7a9153e4e) Importer(815301076,1909f56bfc062723c751e8b465ee728b)  -> (artifact id: '92cb73c2503a9e0dca5efd0f01bd0fc9') in 0.006311 seconds 
========================================================================
Received Import Request.
  Time since last request: 0.000016 seconds.
  path: Assets/Sprites/Tilesets/Dark/Tiles/1. background layer_593.asset
  artifactKey: Guid(68efec836f901af468dc8fc17ddae29c) Importer(815301076,1909f56bfc062723c751e8b465ee728b)
Start importing Assets/Sprites/Tilesets/Dark/Tiles/1. background layer_593.asset using Guid(68efec836f901af468dc8fc17ddae29c) Importer(815301076,1909f56bfc062723c751e8b465ee728b)  -> (artifact id: '2f923b7c035b97a24e940d4d79a833ea') in 0.006792 seconds 
========================================================================
Received Import Request.
  Time since last request: 0.000018 seconds.
  path: Assets/Sprites/Tilesets/Dark/Tiles/1. second layer_352.asset
  artifactKey: Guid(cd1267a3175db6340826c38dcc57c2b8) Importer(815301076,1909f56bfc062723c751e8b465ee728b)
Start importing Assets/Sprites/Tilesets/Dark/Tiles/1. second layer_352.asset using Guid(cd1267a3175db6340826c38dcc57c2b8) Importer(815301076,1909f56bfc062723c751e8b465ee728b)  -> (artifact id: 'd9a65165402f62bc287ab7d8d8451b1d') in 0.006693 seconds 
========================================================================
Received Import Request.
  Time since last request: 0.000017 seconds.
  path: Assets/Sprites/Tilesets/Dark/Tiles/1. background layer_223.asset
  artifactKey: Guid(5ac0de86c8787ca4cb8c914071f78c4c) Importer(815301076,1909f56bfc062723c751e8b465ee728b)
Start importing Assets/Sprites/Tilesets/Dark/Tiles/1. background layer_223.asset using Guid(5ac0de86c8787ca4cb8c914071f78c4c) Importer(815301076,1909f56bfc062723c751e8b465ee728b)  -> (artifact id: '3e12a10d60704805765a51806daee050') in 0.006912 seconds 
========================================================================
Received Import Request.
  Time since last request: 0.000021 seconds.
  path: Assets/Sprites/Tilesets/Dark/Tiles/1. second layer_61.asset
  artifactKey: Guid(1ce2f170f26c297458ff0d23d010bdaf) Importer(815301076,1909f56bfc062723c751e8b465ee728b)
Start importing Assets/Sprites/Tilesets/Dark/Tiles/1. second layer_61.asset using Guid(1ce2f170f26c297458ff0d23d010bdaf) Importer(815301076,1909f56bfc062723c751e8b465ee728b)  -> (artifact id: '42b02e3638372c1a2a41f592972552e3') in 0.006561 seconds 
========================================================================
Received Import Request.
  Time since last request: 0.000022 seconds.
  path: Assets/Sprites/Tilesets/Dark/Tiles/1. main platforms_382.asset
  artifactKey: Guid(9c92d8fa10fd5a448b9808b4e2654b1a) Importer(815301076,1909f56bfc062723c751e8b465ee728b)
Start importing Assets/Sprites/Tilesets/Dark/Tiles/1. main platforms_382.asset using Guid(9c92d8fa10fd5a448b9808b4e2654b1a) Importer(815301076,1909f56bfc062723c751e8b465ee728b)  -> (artifact id: '1206d716c67a06f9bcb5e05f7858c0e2') in 0.006401 seconds 
========================================================================
Received Import Request.
  Time since last request: 0.000021 seconds.
  path: Assets/Sprites/Tilesets/Dark/Tiles/1. background layer_278.asset
  artifactKey: Guid(d77de8cbc515eb4449c9255f46f006ae) Importer(815301076,1909f56bfc062723c751e8b465ee728b)
Start importing Assets/Sprites/Tilesets/Dark/Tiles/1. background layer_278.asset using Guid(d77de8cbc515eb4449c9255f46f006ae) Importer(815301076,1909f56bfc062723c751e8b465ee728b)  -> (artifact id: '976f13435e55c1364a39669911c75e37') in 0.008751 seconds 
========================================================================
Received Import Request.
  Time since last request: 0.000019 seconds.
  path: Assets/Sprites/Tilesets/Dark/Tiles/1. second layer_224.asset
  artifactKey: Guid(bdc226e057dce974daa8ef65674ac320) Importer(815301076,1909f56bfc062723c751e8b465ee728b)
Start importing Assets/Sprites/Tilesets/Dark/Tiles/1. second layer_224.asset using Guid(bdc226e057dce974daa8ef65674ac320) Importer(815301076,1909f56bfc062723c751e8b465ee728b)  -> (artifact id: 'd9da3b28d8a91233e6e4500a799ed10f') in 0.005804 seconds 
========================================================================
Received Import Request.
  Time since last request: 0.000022 seconds.
  path: Assets/Sprites/Tilesets/Dark/Tiles/1. second layer_417.asset
  artifactKey: Guid(9f0a26112cbcbef4b87c272df0ac7bd0) Importer(815301076,1909f56bfc062723c751e8b465ee728b)
Start importing Assets/Sprites/Tilesets/Dark/Tiles/1. second layer_417.asset using Guid(9f0a26112cbcbef4b87c272df0ac7bd0) Importer(815301076,1909f56bfc062723c751e8b465ee728b)  -> (artifact id: '5c46942c04e7ae49202c858084fa6001') in 0.005848 seconds 
========================================================================
Received Import Request.
  Time since last request: 0.000018 seconds.
  path: Assets/Sprites/Tilesets/Dark/Tiles/1. second layer_88.asset
  artifactKey: Guid(17e91574a8362fe4e88179ee03bbd676) Importer(815301076,1909f56bfc062723c751e8b465ee728b)
Start importing Assets/Sprites/Tilesets/Dark/Tiles/1. second layer_88.asset using Guid(17e91574a8362fe4e88179ee03bbd676) Importer(815301076,1909f56bfc062723c751e8b465ee728b)  -> (artifact id: '860321375ec1758f52f13e26c44933aa') in 0.006948 seconds 
========================================================================
Received Import Request.
  Time since last request: 0.000017 seconds.
  path: Assets/Sprites/Tilesets/Dark/Tiles/1. background layer_338.asset
  artifactKey: Guid(c9320534bf557b740ace9c71371d46ca) Importer(815301076,1909f56bfc062723c751e8b465ee728b)
Start importing Assets/Sprites/Tilesets/Dark/Tiles/1. background layer_338.asset using Guid(c9320534bf557b740ace9c71371d46ca) Importer(815301076,1909f56bfc062723c751e8b465ee728b)  -> (artifact id: '6514f2da72c6e39e1771a00ee4cf12d0') in 0.007178 seconds 
========================================================================
Received Import Request.
  Time since last request: 0.000021 seconds.
  path: Assets/Sprites/Tilesets/Dark/Tiles/1. main platforms_166.asset
  artifactKey: Guid(f520d5003dd98f1479e263d87c365487) Importer(815301076,1909f56bfc062723c751e8b465ee728b)
Start importing Assets/Sprites/Tilesets/Dark/Tiles/1. main platforms_166.asset using Guid(f520d5003dd98f1479e263d87c365487) Importer(815301076,1909f56bfc062723c751e8b465ee728b)  -> (artifact id: '46414aea416ecea6cba288f0d4f84803') in 0.007513 seconds 
========================================================================
Received Import Request.
  Time since last request: 0.000016 seconds.
  path: Assets/Sprites/Tilesets/Dark/Tiles/1. second layer_460.asset
  artifactKey: Guid(8240bef4cc1b77747bdcf6bddca2d584) Importer(815301076,1909f56bfc062723c751e8b465ee728b)
Start importing Assets/Sprites/Tilesets/Dark/Tiles/1. second layer_460.asset using Guid(8240bef4cc1b77747bdcf6bddca2d584) Importer(815301076,1909f56bfc062723c751e8b465ee728b)  -> (artifact id: '509a43822def8976d613658c221e0fa4') in 0.006867 seconds 
========================================================================
Received Import Request.
  Time since last request: 0.000016 seconds.
  path: Assets/Sprites/Tilesets/Dark/Tiles/1. background layer_468.asset
  artifactKey: Guid(7a0b387aecf1e12499ebaa1ad796c5fd) Importer(815301076,1909f56bfc062723c751e8b465ee728b)
Start importing Assets/Sprites/Tilesets/Dark/Tiles/1. background layer_468.asset using Guid(7a0b387aecf1e12499ebaa1ad796c5fd) Importer(815301076,1909f56bfc062723c751e8b465ee728b)  -> (artifact id: '2894f1f79c790435405ecd18cd9d9243') in 0.007244 seconds 
========================================================================
Received Import Request.
  Time since last request: 0.000017 seconds.
  path: Assets/Sprites/Tilesets/Dark/Tiles/1. main platforms_152.asset
  artifactKey: Guid(b707246b440bc80469fcc6cc36ee8fba) Importer(815301076,1909f56bfc062723c751e8b465ee728b)
Start importing Assets/Sprites/Tilesets/Dark/Tiles/1. main platforms_152.asset using Guid(b707246b440bc80469fcc6cc36ee8fba) Importer(815301076,1909f56bfc062723c751e8b465ee728b)  -> (artifact id: '330ffa23afb713fb6f87e2f53a3aa8a4') in 0.007071 seconds 
========================================================================
Received Import Request.
  Time since last request: 0.000018 seconds.
  path: Assets/Sprites/Tilesets/Dark/Tiles/1. background layer_412.asset
  artifactKey: Guid(bcdfa24da405c884291897cd301dbe71) Importer(815301076,1909f56bfc062723c751e8b465ee728b)
Start importing Assets/Sprites/Tilesets/Dark/Tiles/1. background layer_412.asset using Guid(bcdfa24da405c884291897cd301dbe71) Importer(815301076,1909f56bfc062723c751e8b465ee728b)  -> (artifact id: 'b63145cc35461b0f0b15a7973f86198a') in 0.007002 seconds 
========================================================================
Received Import Request.
  Time since last request: 0.000017 seconds.
  path: Assets/Sprites/Tilesets/Dark/Tiles/1. second layer_398.asset
  artifactKey: Guid(44a41259587c0a647a1678dca46d3d02) Importer(815301076,1909f56bfc062723c751e8b465ee728b)
Start importing Assets/Sprites/Tilesets/Dark/Tiles/1. second layer_398.asset using Guid(44a41259587c0a647a1678dca46d3d02) Importer(815301076,1909f56bfc062723c751e8b465ee728b)  -> (artifact id: '73329dc94693b803e792c3055b96cd0b') in 0.005945 seconds 
========================================================================
Received Import Request.
  Time since last request: 0.000018 seconds.
  path: Assets/Sprites/Tilesets/Dark/Tiles/1. second layer_56.asset
  artifactKey: Guid(025470f5eae33e145b186aef71f23aa7) Importer(815301076,1909f56bfc062723c751e8b465ee728b)
Start importing Assets/Sprites/Tilesets/Dark/Tiles/1. second layer_56.asset using Guid(025470f5eae33e145b186aef71f23aa7) Importer(815301076,1909f56bfc062723c751e8b465ee728b)  -> (artifact id: '957978adad56a2a828b9bd34287e2a12') in 0.006680 seconds 
========================================================================
Received Import Request.
  Time since last request: 0.000015 seconds.
  path: Assets/Sprites/Tilesets/Dark/Tiles/1. main platforms_211.asset
  artifactKey: Guid(6262465fa0b33b24e9246e34d3e6a534) Importer(815301076,1909f56bfc062723c751e8b465ee728b)
Start importing Assets/Sprites/Tilesets/Dark/Tiles/1. main platforms_211.asset using Guid(6262465fa0b33b24e9246e34d3e6a534) Importer(815301076,1909f56bfc062723c751e8b465ee728b)  -> (artifact id: 'ba450eda0bfa3d1298ac52714c6317c7') in 0.006727 seconds 
Editor requested this worker to shutdown with reason: Scaling down because of idle timeout
AssetImportWorker is now disconnected from the server
Process exiting
Exiting without the bug reporter. Application will terminate with return code 0